0
1
2
3
4
5
6
7
8
9
10
11
12
13
14
15
16
17
18
19
20
18
21
22
23
24
2
25
26
27
28
29
30
31
32
33
34
35
36
37
38
39
40
18
41
42
43
44
11
12
45
18
46
5
47
48
5
49
50
51
52
53
5
54
50
55
18
56
57
37
58
59
60
61
62
63
64
65
66
67
68
69
70
64
71
72
73
74
75
5
12
72
76
77
78
79
80
81
82
83
84
85
67
86
87
88
89
90
91
92
93
94
95
24
93
96
97
98
99
100
18
101
102
103
104
105
78
106
19
107
108
109
4
78
110
111
112
113
114
115
116
53
117
118
119
96
120
121
122
123
124
125
126
127
128
129
130
131
132
119
133
134
135
136
137
138
139
140
141
142
143
144
145
53
146
147
148
149
150
142
151
152
153
154
155
156
157
158
159
160
78
5
161
71
12
5
162
5
163
164
165
166
167
168
169
170
171
172
173
0
174
90
63
175
20
176
54
44
177
137
91
62
178
179
180
12
181
182
183
184
71
185
186
187
188
189
190
191
146
192
193
194
195
196
197
198
199
200
201
202
78
203
204
205
71
206
207
208
33
209
82
210
12
211
212
213
214
215
216
170
170
217
218
170
93
219
220
91
221
222
223
224
225
226
131
227
228
12
229
230
53
231
232
33
233
231
234
67
235
236
72
237
98
238
239
170
93
98
71
240
241
242
243
244
78
245
246
247
248
249
250
158
251
252
253
254
255
256
257
258
212
259
260
261
262
263
264
265
266
267
217
268
269
270
169
271
272
273
99
271
274
275
276
71
277
99
278
148
91
170
279
18
280
18
281
282
63
217
283
284
285
286
287
288
289
85
290
291
292
44
293
71
294
264
50
295
5
296
288
297
298
299
170
300
301
302
268
303
304
305
50
306
307
308
309
310
311
312
91
313
24
314
315
13
281
316
317
278
318
319
320
321
321
322
323
324
325
326
327
328
329
330
82
331
92
332
12
333
18
17
334
335
336
337
338
339
340
341
93
342
343
344
345
170
346
347
348
349
63
350
351
352
50
353
112
19
354
355
356
357
53
358
359
360
361
362
363
93
72
364
365
366
367
368
227
33
307
369
63
229
370
371
372
373
374
375
376
377
378
379
380
381
79
382
0
383
32
52
384
385
386
370
387
118
388
295
389
390
391
392
393
137
394
395
395
396
397
398
399
400
49
401
165
401
402
403
150
404
405
406
407
408
409
410
411
412
413
414
206
415
359
416
417
170
418
419
420
250
85
421
2
422
423
424
90
425
71
426
427
5
72
170
428
343
95
429
296
430
431
63
432
417
247
190
5
288
229
433
434
134
53
5
5
435
381
436
437
288
438
371
243
301
439
440
18
441
442
170
443
93
444
445
302
446
436
447
239
12
78
448
381
449
450
451
18
78
343
452
453
454
78
455
112
52
456
457
458
459
102
460
170
461
136
462
5
2
98
228
18
343
0
463
464
64
19
465
466
467
466
300
468
469
470
471
93
98
85
211
74
472
473
343
170
474
475
5
454
476
398
477
93
284
478
479
170
169
53
480
119
271
481
38
482
483
484
485
281
486
487
137
488
59
489
490
78
491
76
79
447
492
493
494
495
496
79
255
119
497
498
499
500
501
229
502
401
503
255
504
505
53
506
507
404
508
509
510
85
162
509
226
509
509
509
511
512
513
159
514
515
516
90
517
518
519
13
520
118
521
522
78
523
281
470
5
524
525
526
527
493
174
528
529
82
530
76
78
504
134
312
531
532
533
534
53
255
535
5
536
170
451
71
510
18
483
537
538
539
540
541
542
50
543
79
544
5
526
71
545
18
180
506
546
547
271
548
549
79
78
550
271
551
63
552
553
112
53
554
555
463
219
71
154
556
557
558
559
204
111
560
561
562
72
563
564
565
231
566
567
568
569
570
571
572
64
573
134
574
374
299
493
94
569
504
575
576
577
578
579
580
581
582
583
584
131
585
586
587
296
588
170
11
589
90
590
591
592
433
123
593
594
595
153
596
84
164
597
598
599
600
76
124
601
602
577
419
603
604
605
606
19
607
111
170
91
242
608
609
610
611
612
613
614
119
404
615
497
616
511
19
617
618
619
620
211
219
169
621
227
622
623
624
477
299
625
626
627
132
243
628
629
630
420
162
631
79
72
460
632
633
480
270
634
635
40
359
350
350
636
637
638
639
640
641
610
642
643
644
645
646
418
647
156
156
217
648
649
650
72
238
651
652
603
653
654
655
196
656
657
255
72
19
658
659
13
64
660
624
661
662
663
187
664
665
404
2
666
169
53
667
668
669
670
671
672
673
103
613
674
71
373
675
243
676
239
677
678
170
170
679
680
170
681
682
441
2
683
684
685
686
182
687
440
18
688
427
689
79
690
691
254
5
583
692
418
50
693
694
650
695
696
697
71
698
699
700
229
701
78
33
460
702
703
704
5
200
505
705
328
706
707
708
5
709
18
710
183
711
712
18
53
713
714
715
71
444
716
72
513
18
5
170
296
660
717
718
719
720
18
721
12
53
53
722
470
723
724
725
726
470
487
727
728
103
528
729
730
0
131
170
498
731
732
18
447
733
685
734
677
735
532
736
112
605
519
525
737
302
552
460
738
739
2
506
170
740
741
742
328
72
658
338
743
92
50
615
744
745
439
746
97
33
747
748
638
749
750
751
752
753
754
755
756
757
598
758
759
760
761
762
763
764
72
765
766
93
767
768
769
770
598
771
772
20
150
18
773
774
169
19
343
673
775
776
131
777
778
779
210
231
755
780
781
782
783
18
186
85
784
452
785
18
255
521
447
786
787
788
789
790
63
791
246
792
44
18
793
794
795
335
796
797
798
799
800
552
801
802
12
803
804
12
805
806
381
365
807
808
570
809
112
33
19
251
810
811
72
812
341
72
813
5
219
814
418
815
816
235
88
71
33
817
343
266
562
180
818
819
153
84
53
164
820
53
821
822
78
823
824
112
825
94
53
498
826
397
638
827
828
359
50
343
829
343
131
830
490
112
504
831
33
832
833
834
78
835
78
685
836
837
838
527
839
840
841
842
843
285
813
118
844
845
846
255
18
63
847
848
849
850
447
443
443
851
852
853
854
18
855
715
183
511
856
71
857
558
858
18
859
860
18
861
72
654
74
862
424
76
154
148
383
863
446
864
865
866
867
20
868
18
5
869
870
63
871
872
219
873
874
663
496
875
47
78
876
877
878
879
880
271
64
881
559
239
239
882
883
884
72
498
885
93
170
673
343
490
93
247
886
480
887
888
740
509
509
889
509
510
509
76
890
12
18
515
891
892
893
894
816
515
895
238
896
897
90
898
557
369
98
376
899
900
577
577
901
359
902
170
379
903
12
63
750
137
331
904
905
247
906
12
907
99
480
12
112
470
84
509
509
908
509
909
577
48
910
911
912
618
12
913
914
256
915
916
211
917
71
918
802
919
920
11
858
348
270
483
5
79
343
921
255
212
460
684
194
922
673
771
579
53
923
924
288
757
925
926
927
446
78
45
928
394
272
929
930
813
931
932
359
933
79
5
934
935
936
483
71
937
938
307
22
71
562
689
939
196
12
270
18
470
940
64
941
923
942
72
231
943
944
945
402
946
5
552
947
5
948
71
375
72
949
950
315
44
515
844
169
375
951
952
504
953
954
955
956
481
131
722
957
417
958
959
183
960
961
78
170
12
112
53
578
962
782
93
963
964
281
965
966
62
6
967
307
968
969
970
652
971
972
973
974
975
976
103
977
978
979
980
952
981
982
296
109
343
255
135
515
983
118
984
985
986
164
169
987
988
987
816
989
231
990
991
53
992
785
993
556
488
98
994
995
233
996
343
102
997
998
999
1000
1001
1002
246
1003
585
1004
170
1005
1006
1007
1008
1009
1010
1011
12
19
942
1012
1013
722
1014
12
44
53
170
1015
1016
1017
93
1018
708
1019
33
577
1020
170
842
1021
1022
1023
343
18
1024
615
1025
1026
388
529
25
709
25
71
71
1027
1028
1029
568
270
145
1030
1031
1032
1033
318
79
1034
1035
1036
18
215
477
72
779
519
1037
148
122
18
1038
650
98
1039
1040
1041
108
1042
1043
1044
137
1045
1046
650
101
1047
50
452
965
1048
369
1049
1050
257
98
692
1051
1052
1053
1054
994
1055
440
255
203
785
1056
1057
1058
247
1059
1060
71
1061
1062
1063
743
1064
1065
255
518
1066
12
53
639
53
18
721
1067
1068
343
490
88
1069
1070
1071
724
724
343
1072
197
1073
926
892
1074
1075
1076
131
255
0
1077
381
1078
771
1079
1080
522
522
212
1081
1082
1083
71
1084
78
638
19
720
1085
331
119
53
79
255
182
0
18
1086
260
342
700
560
522
82
1087
72
1088
1089
1090
520
1091
1092
512
1093
1094
1095
53
357
93
379
1096
934
108
1097
98
620
1098
71
549
433
33
283
1099
18
312
209
802
112
1077
1100
97
1101
1102
108
515
50
1103
1104
587
18
79
1105
1106
78
542
1107
1108
1109
673
1110
1111
64
1031
722
938
346
255
806
1112
879
1113
0
1114
418
1115
71
119
206
949
78
1116
1117
1118
18
765
18
18
1099
419
53
1119
844
156
1120
1121
992
1122
1123
1124
270
953
753
885
452
667
1125
78
71
19
975
546
1126
237
1127
1128
1129
1130
541
1131
1132
67
548
1133
324
1134
844
585
103
316
1135
477
1041
11
18
650
816
1136
1137
1138
1139
296
1140
750
1141
85
1142
1143
53
416
560
1144
988
318
24
694
281
1145
1146
359
1147
995
813
76
1092
18
1148
200
1149
477
1150
48
12
1151
451
1152
1153
1154
1155
834
324
1156
33
148
71
484
1092
1157
243
609
922
1158
33
71
71
1159
941
137
1160
1161
97
154
1162
506
82
1163
12
578
318
19
988
880
543
779
381
12
98
1164
1165
776
1166
1167
1027
24
24
904
318
19
1168
1169
1170
697
255
401
1066
1171
79
1172
1173
898
1174
688
88
831
162
18
543
112
101
1175
1176
1177
1178
906
1179
18
1026
1180
346
800
5
755
58
650
1001
509
510
531
509
509
482
1181
0
1180
509
1182
1183
1184
1185
123
1186
255
1166
1187
1188
1189
1190
50
2
1191
1192
1193
1194
843
1195
487
53
1196
1197
1198
1199
1200
1201
1202
257
460
78
1203
137
1204
316
552
1205
248
904
1206
1207
1208
169
169
1209
1210
1211
153
757
74
1212
164
1210
1213
1214
1215
5
1216
18
13
1217
598
1218
1219
773
162
1220
18
1221
5
42
250
673
363
128
661
72
732
1222
498
1021
1223
1224
1225
722
1162
948
1226
78
184
1227
18
1228
1229
255
710
1230
1231
1232
219
148
1233
1234
1235
1236
98
1138
119
1237
582
324
5
1238
79
1239
346
289
1240
1241
1242
196
1243
255
1244
1245
364
1246
523
697
725
64
952
865
12
906
398
1247
1248
524
611
1249
779
426
1250
489
529
20
1251
750
119
923
1252
39
119
87
1253
1158
460
1254
1255
1256
1257
87
229
53
25
18
1254
64
1258
1259
13
53
1260
1256
112
883
668
239
1261
63
512
1262
1263
1264
1265
432
1266
1267
88
239
18
474
5
1268
1269
1270
915
1271
1123
844
1272
63
1273
85
1274
1275
988
228
71
838
436
724
131
50
1276
1277
1278
18
258
1279
671
0
1280
515
1281
519
1282
1283
1284
295
18
1216
1285
153
18
255
1286
1177
20
1232
1287
78
1288
78
88
1289
164
1290
118
995
1291
169
18
1292
630
1293
1294
1295
961
1296
1297
988
1298
1299
18
1300
1301
296
1237
169
76
802
841
526
1302
730
860
12
548
162
1010
1303
18
1304
1305
67
168
1306
1307
994
1308
255
498
1309
1310
1311
322
1251
1255
744
1312
604
1290
1313
170
1166
1314
1315
255
1316
2
966
100
93
1317
1318
1031
1164
1319
1320
164
1321
279
1322
260
1323
1324
858
18
1325
488
1323
1326
1327
1328
592
18
892
74
1329
1330
1331
545
324
19
1332
1158
543
1333
1334
161
1335
994
111
165
1081
52
1048
561
452
1336
316
1248
232
1337
1338
1339
1243
1340
343
2
1341
1004
67
1342
1343
2
169
1344
53
550
1345
1346
98
651
1347
437
1130
856
1348
1349
1350
844
72
1351
1072
1352
1353
79
398
25
1128
1354
418
161
1355
255
359
33
679
1333
1356
71
1357
1358
837
1323
53
19
1194
464
1359
566
5
460
477
12
1360
1361
164
24
78
1362
78
317
186
1363
1364
493
429
1365
1366
678
646
137
418
183
993
1367
466
1066
1368
53
863
541
183
1369
1370
1371
1372
1373
1374
1375
1376
112
78
1377
673
1376
50
232
1045
570
1378
1379
1380
638
608
29
53
1381
105
170
1381
74
1382
1383
18
18
1384
426
1385
1386
302
1376
248
1387
91
71
788
1388
1389
1390
1391
1392
374
856
1393
1068
78
444
988
131
1394
490
170
1137
1395
1396
1119
137
1397
1385
1188
1339
369
18
1261
1398
1178
569
43
12
856
1038
50
396
1399
1400
2
1401
64
426
677
1402
350
344
777
53
89
1403
76
1404
1405
1124
579
1406
1407
101
400
322
477
446
18
1408
1409
169
72
1410
53
1207
0
670
1411
24
19
1363
537
1412
1413
1414
884
414
1415
1416
1417
79
78
45
418
1418
1419
771
1420
19
877
692
1421
170
404
638
108
1422
1263
1423
1424
137
1335
1425
1426
97
1235
1410
1052
165
1038
1427
19
1428
1429
1430
143
1431
1432
1433
379
1434
1435
460
161
694
112
1436
1437
879
12
1438
604
772
1011
1439
972
1440
1436
718
456
1441
1442
487
284
375
622
1443
1444
103
1088
1445
614
156
480
1446
463
1345
183
1135
575
483
853
1447
988
1448
1449
1450
19
87
53
79
39
1451
93
907
1081
1049
72
1452
1453
71
1454
1455
1456
53
483
1457
417
1439
679
511
1153
757
1444
953
1458
253
1332
98
1459
1460
490
1188
105
1461
1014
1462
1364
1188
18
1463
777
1464
1465
911
1466
1467
1468
1469
1470
1381
1471
401
1472
1224
91
24
774
196
1473
521
1408
515
530
782
988
1474
183
92
309
1371
1475
816
137
18
1312
1476
1477
1425
164
1076
20
74
768
1322
20
930
137
1478
1479
530
1480
722
169
343
1481
883
72
1482
18
1483
102
1484
90
1485
515
1486
270
18
1487
1488
8
71
18
1489
920
779
1112
693
1490
1491
1492
975
346
94
1493
25
212
0
1494
535
1495
182
892
1496
655
5
844
1497
88
844
318
101
463
131
18
508
1320
1216
93
12
816
1067
1498
433
893
1499
71
219
1500
1501
1502
1503
67
1504
1086
1505
506
131
1506
1507
1508
1509
676
18
852
493
724
67
1510
635
1511
103
650
1512
18
92
785
1513
1514
587
1515
1516
296
1517
1518
20
1207
1519
945
1520
1099
538
702
39
343
1521
1522
98
1523
1524
299
1525
650
1526
566
143
134
53
212
1527
1528
57
837
820
1529
1247
1530
838
165
88
1531
137
1472
1532
71
1533
1534
203
0
72
324
1535
646
1536
1537
1538
1539
1434
18
318
1424
2
50
231
1540
13
1541
1411
1542
479
1416
1543
82
63
1544
1545
1546
1547
1548
928
1549
1550
132
1551
18
255
527
1552
78
1049
533
1066
1484
1117
1553
1554
755
1555
1556
162
12
1470
1081
134
943
975
74
764
1557
819
1558
1559
50
1560
164
255
1561
1562
64
572
171
724
1563
1564
67
440
228
5
1436
1565
18
64
102
170
1566
1567
18
1568
490
1569
5
131
1570
398
791
98
880
1571
375
959
754
1519
1572
103
1519
471
440
99
1573
71
615
227
689
462
266
1574
947
1575
1576
1577
18
1578
78
174
1001
1579
1340
1034
1580
1188
938
270
307
1581
370
1582
1583
1195
1584
72
1105
879
1585
33
1586
1066
1371
447
1134
5
1587
61
0
398
1588
1589
1590
1591
859
53
1592
477
543
130
12
496
1593
53
1594
1081
53
1595
477
1446
12
528
1596
531
879
203
757
1037
796
78
1597
18
511
1479
1572
1598
1599
82
72
12
722
53
1600
722
1601
1227
984
18
219
246
18
1602
71
722
409
1603
271
1604
696
1605
1303
18
1081
322
322
296
1606
634
445
1607
141
294
1608
1608
180
12
1607
1609
1370
255
1610
1611
316
71
536
1210
1612
315
266
18
1613
1614
1615
296
18
1594
1616
963
1617
1454
169
546
1618
156
595
1619
650
170
18
1492
1620
779
1621
93
1332
196
506
1622
1142
97
71
170
1188
217
1623
604
170
1372
346
1624
1625
444
1005
781
1626
343
1627
72
773
1337
1348
1628
346
1628
1629
278
667
1630
1631
234
67
279
159
994
88
170
1632
88
12
838
958
430
76
37
1633
1634
1635
1636
633
1637
239
1638
329
64
1639
383
1640
1641
884
165
750
18
93
1642
1625
1643
1644
72
64
619
154
432
1645
923
782
1646
85
1022
12
5
1647
880
1322
1588
1648
1649
1650
33
12
1651
498
1652
1143
1653
1151
1654
1655
1656
1657
1308
346
1658
543
1659
64
1418
514
1344
426
296
495
243
44
426
71
316
78
1589
1315
1660
137
1661
1662
682
1338
88
12
949
1663
61
1664
1665
821
229
860
1666
1330
1667
42
271
33
1668
798
1669
39
846
842
1670
525
795
1671
1672
1673
1674
291
477
19
95
650
1675
1594
1676
20
663
19
1677
339
1678
1679
1680
24
1092
71
512
513
1477
650
645
1681
1026
1145
63
898
247
255
974
192
170
312
1682
736
296
645
18
19
170
170
1683
349
18
33
299
1684
600
785
1685
923
18
18
1602
97
1686
392
366
1207
1687
477
53
1688
1364
1689
1690
1401
1691
489
779
255
71
1605
483
1692
1693
1694
646
1695
813
1395
1696
18
1697
1698
1699
560
606
18
807
288
1700
1701
14
1702
418
264
604
1703
1450
1447
263
809
112
255
1704
1705
1468
1706
1707
212
1203
1580
88
1708
1371
1492
1709
1710
1351
1339
72
1711
420
1712
631
1713
71
72
79
1714
1715
898
1716
1717
72
1718
560
1196
392
653
1719
71
409
1435
1632
259
615
1720
1721
64
19
1184
1722
1723
1724
322
1409
953
893
953
71
1725
315
112
1726
73
1727
169
1728
919
487
1415
1641
271
212
1729
183
5
874
1092
1730
1087
82
1731
18
488
365
1291
1732
346
219
1733
1734
1735
1544
78
470
343
247
89
64
150
1736
5
203
267
1657
522
1737
1738
5
104
93
697
1534
78
488
975
858
338
1739
869
1740
76
1741
1211
1742
1136
1743
1744
1171
1166
1745
53
25
1746
53
787
706
1747
730
463
496
378
904
327
1748
752
768
231
18
1460
1609
18
1749
1750
1750
515
1046
78
98
296
722
131
1751
64
1251
1289
180
5
1752
1753
1754
1755
1756
1757
712
816
388
18
1758
1759
137
515
1760
1761
1381
1691
1762
1763
170
455
79
246
98
1305
1764
1765
1766
844
2
956
722
1767
1391
1350
1768
1769
18
72
1105
182
677
1770
53
231
248
683
170
78
1771
1772
1435
311
856
380
1659
72
1773
72
18
1774
447
1541
200
1775
1776
62
1777
265
18
137
5
283
1778
78
1293
982
1779
920
1780
1066
604
1781
507
962
1606
335
441
243
1782
496
88
861
1783
1784
1303
203
1583
1785
424
920
66
63
296
1695
12
18
53
1786
198
1787
476
401
1156
1042
1788
1166
1789
1788
1383
1790
169
18
203
63
103
779
495
53
1502
529
1188
1791
1454
1792
74
400
1793
1794
71
1795
825
272
1524
165
1796
560
1797
94
63
448
1257
18
1574
388
71
1798
1799
1800
1801
131
64
860
296
1644
1802
665
296
1351
328
1803
506
1804
1805
74
217
1755
152
94
1443
156
1806
1807
1010
1808
196
1435
84
1204
1809
1213
885
1810
1811
1812
1813
944
18
1814
1815
19
270
18
418
1816
1817
444
1818
1819
1820
1821
598
452
369
1357
673
1822
650
694
72
85
1823
1824
343
1825
987
1826
255
131
1827
79
1451
1456
169
72
70
64
1001
1787
131
1828
1398
386
88
1829
1830
1022
1831
938
170
1256
1832
748
72
560
1221
1833
498
1834
170
612
88
1797
463
1835
88
646
170
548
331
331
1836
1837
1300
131
1838
1350
1839
1840
1619
1841
1322
1842
617
1843
392
1522
1844
270
1121
585
1467
1845
92
1077
1645
169
18
18
1846
71
379
1847
12
748
573
1638
79
255
12
1418
1848
12
1849
350
1850
919
1505
896
496
1851
72
71
624
1125
1852
78
1099
170
681
854
1273
1853
71
1854
161
1855
650
1856
1857
1235
1639
1858
726
516
1859
1425
1732
1712
888
1860
1861
578
1862
1863
1642
1223
1864
137
1865
994
44
103
318
1829
618
1866
1748
782
1620
71
322
1867
71
773
1868
539
170
1385
24
52
838
1020
1869
1870
1871
1487
1872
93
99
155
1873
381
1874
53
1688
1875
18
53
51
12
667
19
1876
1829
1877
18
78
1273
609
380
1412
777
255
615
1878
1844
460
1255
18
18
429
1879
71
667
1221
12
1880
151
1881
1210
18
1743
78
214
1882
667
479
148
19
53
1883
1655
1052
1884
137
88
714
1885
1718
53
1886
193
12
313
1464
71
71
12
1887
1888
156
1889
965
1229
716
711
307
1890
1211
24
1891
52
489
5
495
805
346
1494
1892
747
63
639
53
314
1893
1356
1894
1077
1895
5
64
996
1896
1897
1898
988
1899
1392
18
112
1390
863
1505
278
5
1077
1900
1901
170
97
1793
1902
1664
217
12
1903
72
18
802
1904
239
24
389
1905
1452
1641
1906
1907
1657
844
78
483
334
1308
1650
844
88
565
12
1908
322
1380
949
78
443
709
1322
44
302
5
229
521
646
18
1173
1590
1322
1026
1705
630
24
343
18
1673
1909
1103
667
1910
1911
1912
1913
511
1464
12
1914
53
1915
1916
1917
209
1918
1919
1920
722
177
1557
1921
1922
615
398
170
229
849
1923
1924
334
902
93
79
1925
1926
1927
795
943
620
722
1928
134
1929
18
33
544
1114
1038
255
1930
1931
1505
343
278
592
460
1932
820
1933
1934
1131
359
1935
1936
229
1937
1381
1281
943
1938
1742
880
932
1939
2
1940
1939
710
1939
233
1941
451
100
5
1942
1315
1943
296
433
612
1170
1944
1891
1945
1946
5
843
1947
51
418
1447
25
519
1948
1949
1950
973
519
1951
869
111
1668
401
18
388
1952
1427
1953
6
1353
375
1954
170
1940
1939
643
182
1155
1955
1956
78
1839
1957
1915
1958
1959
1737
194
1177
93
1960
33
78
1102
398
949
17
1961
727
1507
217
1962
525
1963
71
71
562
1964
1965
53
369
1966
1967
179
1968
132
72
1969
5
546
137
454
687
1689
860
20
71
738
1242
1970
1429
382
1471
71
1971
170
1889
196
529
1254
1972
255
1973
71
294
1944
1936
1974
131
751
255
78
1975
346
477
112
1442
84
1976
112
452
408
1977
1939
33
477
105
1978
12
1979
683
60
257
1980
1981
12
882
1982
1785
53
74
1827
95
687
426
1036
156
53
1140
1983
597
424
72
1984
1985
228
802
296
1314
1590
18
1986
247
394
75
171
1987
602
137
1876
12
1362
1988
1989
1990
1020
660
988
1991
231
87
232
18
1992
476
1993
1994
1354
1995
134
1082
1996
1725
1997
1998
1544
322
296
1904
1999
53
18
724
2000
1522
0
1740
2001
2002
2003
2004
12
2005
2006
750
18
239
487
231
963
131
646
13
18
169
2007
1884
1818
751
18
1798
912
12
1875
2001
2008
655
19
1576
560
2009
63
1337
593
18
2010
2011
2012
12
12
673
1355
18
2013
193
943
1796
18
2014
519
1371
1464
53
647
0
2014
2015
2016
934
148
2017
203
1007
522
322
2018
630
2019
1337
2020
1493
18
1593
378
740
5
2021
44
846
471
2022
691
261
2023
1848
2024
247
370
12
714
647
2025
522
778
343
2026
1871
966
153
221
2027
49
383
1324
775
1519
2028
131
18
349
180
1160
2
85
112
489
78
2029
663
112
71
2030
1001
71
18
343
2031
2032
460
1957
1990
71
272
1456
71
277
1405
50
1524
1629
1067
1473
1257
381
548
1788
2033
565
18
2034
2034
1054
2035
1274
2036
1865
2037
374
93
18
143
2038
2039
212
1616
1848
2040
1320
2041
2042
343
1211
1506
2043
18
2044
88
1714
1657
1481
444
288
431
447
98
2045
53
779
264
1583
381
215
1405
52
374
2046
2047
398
789
143
2048
180
574
162
2049
650
2050
97
2051
556
1374
440
23
2052
2053
99
2054
302
79
887
319
327
2055
381
170
296
1101
630
715
2056
2057
359
2058
2059
1819
2060
460
443
78
542
825
2061
1615
78
641
2020
2062
1123
2063
19
1172
180
2064
844
1373
112
2065
1829
2066
393
131
2067
1211
2068
2069
1636
2070
866
2071
2072
1333
2073
2074
320
511
33
341
315
20
2075
2076
1099
656
12
2077
2078
2079
1310
64
343
343
2080
227
350
1741
383
93
2081
74
1577
64
1877
162
723
1807
2082
2068
1203
546
54
98
2083
359
94
19
63
923
803
1022
1885
239
170
72
483
1761
430
2084
2085
2086
519
1598
137
53
239
1670
1364
1261
255
79
1844
2087
2088
1801
5
5
373
975
2089
90
5
613
2090
296
1024
64
119
278
72
71
170
2091
495
1615
578
898
2092
563
1295
1571
71
2093
2040
779
2049
617
673
132
2094
519
869
0
712
490
2095
17
64
2096
64
2097
322
343
12
108
2098
25
136
558
78
2099
2100
2101
1470
1731
879
2096
1768
779
164
1215
18
2102
255
152
1631
2103
483
1390
369
2104
341
1461
93
381
375
730
103
19
806
2105
2105
1456
2106
2107
93
20
483
595
112
2108
404
2109
490
12
1970
78
381
170
24
2110
71
779
2111
219
1402
1810
161
1909
271
1838
5
2112
307
519
2113
2114
153
2115
2116
634
491
634
519
2117
71
2118
941
831
1167
2119
2120
143
1567
1849
18
1077
1950
579
330
1435
1627
1976
64
2121
64
722
2122
2013
1470
722
0
2123
1966
505
398
1193
2124
349
1324
598
64
567
2125
1550
678
548
1468
498
2
2126
1127
2127
2128
1827
2129
1642
255
768
440
1789
11
709
2130
768
477
71
754
548
1910
1211
170
88
2131
318
2013
1656
1973
2132
2133
501
2134
2135
598
1826
2115
2136
78
255
2137
650
5
78
71
911
2138
137
1166
2139
779
72
1031
170
2140
2141
2129
398
519
2142
72
92
1142
1031
1031
1135
779
1646
443
1899
2143
169
369
137
93
98
2144
153
669
1650
2145
162
1455
71
1038
1290
72
2146
650
1584
2031
618
343
2147
278
628
1415
2148
33
1228
20
20
333
165
2149
2150
103
343
50
2151
137
2152
84
2153
1456
601
2154
1381
1031
71
2155
1031
1011
53
1031
2156
1143
375
5
2157
71
64
530
647
1403
1381
67
2158
49
615
364
860
5
5
72
2159
506
53
63
2160
2161
165
93
2122
497
497
497
170
231
647
231
2162
768
579
992
1857
1060
5
2163
2164
2165
1567
78
2166
61
18
2167
416
1711
2168
2054
2169
755
490
1430
1543
2170
802
915
1896
758
77
159
538
733
2171
350
2172
1129
27
19
221
858
2173
5
2017
1324
980
2174
1131
825
506
108
548
53
477
2175
1420
480
1741
403
2176
78
2177
169
1647
997
2178
2179
1023
98
30
598
1876
118
519
2180
1364
170
2181
2182
1524
919
2183
19
219
1402
2184
200
2185
169
1395
103
452
71
71
2186
944
2187
2188
67
2189
1410
650
2190
71
2191
357
137
1385
98
93
1315
2192
178
93
667
1332
1125
2193
802
2194
1982
644
983
53
137
2195
33
724
2027
137
2196
79
110
232
800
170
2197
78
137
1168
2198
2199
78
536
2200
1787
555
1982
296
85
1491
1848
2201
231
923
724
18
1207
2139
2202
881
1489
2203
392
697
598
661
2204
1586
722
351
2205
515
64
12
1435
883
1771
1898
748
1527
536
203
12
98
2206
1761
597
530
519
27
1114
98
2207
861
697
1838
1688
1824
1264
515
312
72
671
53
79
2208
2209
2210
180
1700
2211
12
2212
1807
2213
1253
64
33
2214
170
608
522
1276
12
722
802
1551
1034
1983
988
1077
19
2215
920
243
299
78
2216
85
2217
327
2218
1415
667
2085
2219
1361
2220
1045
758
463
1115
1410
665
12
181
118
1385
33
677
848
2221
794
42
945
2222
53
2223
1988
53
1659
917
53
496
6
64
2224
255
422
2225
288
71
2226
169
643
2227
496
2228
557
990
302
2229
374
121
2230
196
53
1123
597
2231
804
2232
2121
730
485
2233
131
25
448
369
724
2234
2234
2234
861
1954
526
49
64
813
343
1173
860
949
826
2235
465
1284
2236
2237
78
1589
1237
2238
1320
2141
1288
861
489
1166
516
1871
92
233
53
1639
1807
53
148
238
113
2239
1540
169
64
2240
72
439
876
219
64
12
557
528
665
163
1394
2241
1477
2242
169
1211
613
79
18
137
2243
512
912
116
78
2244
2245
1016
93
11
1792
2246
1193
137
615
897
98
1817
170
2173
133
219
341
2247
240
2035
2248
923
170
738
2249
231
2250
1371
1047
2251
82
5
292
247
137
44
137
71
2252
2242
1021
2253
751
904
6
203
243
394
846
343
71
18
2254
76
71
247
1901
343
2051
1812
53
70
999
183
142
1646
2255
1574
460
1742
1994
2256
1885
18
5
93
196
243
563
2257
2139
119
13
2258
193
18
2259
988
1194
1780
2260
50
170
2222
1209
2261
1154
2024
1214
1775
2262
1390
776
1099
103
2263
2264
942
1531
2180
2265
1316
838
2266
2265
12
2087
2267
800
98
112
2268
2269
1344
2123
288
61
33
2162
362
12
2173
378
18
52
78
1496
2270
1670
1254
548
2271
337
93
2272
963
18
12
2273
165
18
71
170
2274
1873
20
446
1218
2156
118
933
444
634
615
498
63
528
1188
18
19
1635
641
2275
1571
217
1212
51
518
1188
2276
71
2013
2277
785
1572
2278
2279
2280
53
2169
2281
2282
543
1351
722
2283
1388
53
353
824
1747
1433
2284
856
2285
71
2286
19
1315
2287
646
159
78
2288
2289
779
1929
2290
18
1556
2291
2282
18
114
169
984
321
369
697
369
1143
615
2292
2293
934
255
1847
2294
18
1747
232
2295
343
2296
97
85
2297
2298
2299
2300
2301
12
768
423
53
5
2302
398
2303
2304
2305
5
2053
2306
758
2307
601
659
1677
242
568
18
801
79
2308
72
316
24
2309
2310
548
549
19
2144
2271
71
2311
2312
19
1458
688
490
859
2313
1334
2314
1630
2315
1917
2316
2024
1142
246
88
170
691
19
490
1445
451
1569
296
418
88
2317
593
2318
341
12
2319
2320
1948
18
112
722
211
1042
18
98
90
613
2321
49
975
2322
1961
5
519
548
1031
81
2323
1837
1207
2324
82
1626
93
64
764
843
2325
79
2326
512
2327
1879
249
2328
64
1759
2329
2330
2049
85
792
498
13
2331
1580
2237
6
1725
478
2332
2333
490
271
771
233
1031
148
1385
2011
18
170
118
1706
118
1716
2334
93
2335
63
132
169
838
194
33
2336
639
18
1745
2337
972
2338
170
401
2152
18
19
137
170
54
170
846
2164
1280
383
12
2339
2340
682
64
93
1596
71
219
1670
784
880
2341
2
650
1889
64
650
450
2099
1181
94
79
1211
460
2342
977
71
296
2199
2209
1026
1435
1120
1505
2343
1871
64
843
2344
258
465
63
131
258
1265
12
2345
540
807
343
682
129
677
1839
766
410
88
2346
986
460
99
2019
941
1584
722
170
637
2347
2348
797
170
1092
2349
513
255
543
93
1328
1140
943
1775
779
2350
2351
394
270
1165
1778
155
2352
5
27
2353
20
2354
1435
524
1871
2089
19
5
2355
876
463
479
2356
426
1642
722
401
325
340
1800
18
53
1751
430
1656
2195
2357
18
490
2358
1141
58
180
2359
66
170
1647
2360
474
872
1081
1263
164
1745
1624
1747
1827
769
2361
2362
2363
112
2364
53
82
528
519
2365
2042
724
20
452
2251
196
2366
744
91
881
378
270
88
343
270
2204
2367
952
1332
71
394
1415
1543
72
758
12
757
720
153
726
1494
54
2161
1703
774
1436
54
2334
50
170
2368
2128
987
536
232
322
1015
1456
1606
278
2369
149
440
2070
103
98
2114
2370
418
170
677
5
152
219
1687
426
1663
2371
1304
349
2372
779
79
1559
90
2373
78
381
219
1322
698
2374
1583
923
2375
779
560
1300
316
2376
546
2377
452
2378
1188
170
170
2379
71
2380
967
603
18
1040
2113
18
1406
2018
873
219
460
312
1808
1669
519
2265
1435
2381
85
1423
1191
41
1747
591
1437
2050
170
18
1052
2382
421
212
2383
2384
18
2385
2386
12
2387
2388
1699
923
743
190
4
1894
150
2150
493
2367
2389
2390
1653
2391
346
935
2392
1418
2065
12
106
2393
108
1751
1958
64
243
397
2394
2395
948
551
2396
312
518
2397
247
2398
18
53
62
401
254
18
851
1547
695
2239
137
18
18
1315
426
2233
2399
2271
2400
64
715
2004
255
494
20
148
1166
2168
346
498
64
1137
409
349
2401
715
19
2402
447
2403
1584
2404
1817
965
2405
1021
18
307
112
1833
103
2126
1053
667
2406
370
839
2407
897
638
2408
418
42
694
13
1632
424
12
53
795
730
2271
2321
170
1849
44
18
902
103
1425
388
856
1866
1259
806
346
1354
93
2409
108
754
2410
2251
2275
751
1245
2411
1207
18
477
93
506
171
370
1121
1357
64
159
373
33
915
6
2026
2412
137
19
483
13
283
1687
378
2413
1188
2166
71
395
5
559
2403
219
154
112
2414
1928
483
884
150
18
2415
1378
66
379
276
219
72
19
1540
64
1066
802
477
611
255
332
293
54
1423
2416
217
106
281
71
418
142
418
504
2417
2418
2419
2420
598
424
527
418
1132
985
2087
18
726
53
534
82
1903
879
1237
1394
2421
2307
2298
604
296
1616
0
2422
1425
740
1504
2423
1080
5
2424
768
322
2138
2425
12
1339
900
2426
988
2427
830
137
470
33
153
1227
5
5
18
5
5
1385
770
56
543
2428
44
227
767
62
2352
901
18
156
634
771
5
1359
2429
2430
2431
1521
1469
53
1632
907
2432
449
722
1015
1543
2110
1327
2433
33
2434
2435
1526
343
262
1326
79
20
25
1167
522
636
1256
78
278
64
78
920
2436
1236
286
246
2437
903
88
1833
1341
558
2376
170
2195
18
343
2438
1365
2439
264
263
333
18
2369
2440
50
2441
415
12
194
169
87
2442
2443
5
85
702
343
460
1661
170
383
1816
2444
1151
2445
2446
44
375
44
135
2447
724
103
2448
1598
2449
170
170
1693
592
2450
1697
1248
2451
2111
20
369
2452
1923
755
53
1155
1708
694
2453
20
519
2197
67
2442
344
2219
678
343
2454
646
272
463
542
131
919
64
231
2455
1175
736
63
1060
2456
19
446
727
991
2284
1751
540
2457
680
1123
111
2458
18
833
1889
2110
196
19
1211
1900
1076
2459
2460
2131
265
1472
518
418
1158
953
477
91
63
2461
103
2336
2462
1225
71
2463
156
78
2203
78
194
842
2431
62
53
2464
288
821
1949
2465
1486
85
779
1893
509
1360
1537
1143
76
136
2466
169
1234
343
1697
93
169
485
999
71
487
724
315
44
137
503
460
1505
1239
1597
1011
460
2195
529
463
2467
345
994
71
2468
196
20
12
85
213
1398
1931
454
2303
1264
78
13
2469
2470
50
2471
2472
1964
879
5
2473
2474
2475
137
789
2476
2477
86
587
1053
757
1556
72
524
1137
373
72
83
2113
2478
1061
1188
1022
343
1513
934
2470
44
539
636
1523
1129
505
64
966
912
2479
1129
2480
2481
2482
108
1592
483
270
722
1350
165
1945
2284
1031
247
1472
465
2483
1107
18
1505
741
431
741
2484
2442
114
93
2485
98
217
724
2486
571
2005
505
165
2487
1397
12
2398
1510
722
418
170
207
597
255
2488
78
13
93
88
78
2225
1575
1081
357
2489
1763
528
646
1150
724
239
1822
683
229
2083
2059
2490
131
2491
180
2492
123
2493
2492
64
2494
489
1117
2495
426
71
239
2329
1447
694
912
137
18
2455
2228
2222
613
598
85
504
111
71
322
164
1863
12
1728
2496
12
2302
1832
782
344
2364
919
1997
2497
882
1443
907
760
1
1644
1301
1571
1105
18
2498
1081
633
447
82
239
24
1785
28
429
828
170
2221
307
64
190
1602
1751
271
492
162
2499
2500
1929
771
78
2501
42
1772
2502
601
1207
2503
1432
2504
2505
2286
0
515
370
71
2506
1534
72
1951
2507
1527
2
1987
24
55
416
1877
333
2508
859
359
2189
2509
821
1172
802
169
2510
2511
975
2036
526
1839
229
2512
753
435
2513
79
724
1704
1917
5
2395
67
2208
2514
2384
79
2515
399
1887
18
2516
1766
548
18
1166
1370
743
322
322
78
79
2517
883
322
2518
1790
2271
71
2244
2519
63
915
2047
802
5
515
418
1838
805
53
2084
2520
78
343
496
271
2521
553
978
918
1362
519
323
343
2522
270
18
1004
132
18
383
343
1776
2523
2524
1543
1368
2525
71
1642
2526
802
169
971
1190
2527
2528
308
91
2529
1682
2115
2144
2530
2531
2532
2533
71
440
515
168
345
13
724
119
383
180
1207
802
2147
2
12
948
1198
2534
255
243
63
597
5
19
2535
374
2536
600
2537
137
426
72
232
418
72
604
67
1876
18
71
179
480
2538
1351
995
515
5
63
255
1775
1148
364
1530
1437
2539
819
1043
920
1364
986
2540
2541
426
99
2212
876
1639
53
383
578
2471
350
768
730
2542
443
1339
1958
1077
2517
2456
444
1505
170
1917
118
79
2046
93
239
1033
71
2543
1077
404
814
2544
1237
2545
53
281
2132
165
196
2546
180
53
12
1808
369
162
2166
79
1982
12
443
255
2547
64
1812
2548
71
255
24
2549
2550
5
1176
183
74
2486
346
2551
343
416
2024
2552
71
1358
579
1913
409
1893
64
2553
2389
2203
529
93
137
613
2554
1406
1663
374
255
2555
2461
168
915
93
915
401
18
154
12
1568
751
401
2556
1499
650
582
1166
5
1889
1607
79
491
5
2535
296
2557
1870
93
53
1875
2558
2559
346
460
730
2560
6
52
1733
2561
19
72
1207
1500
52
2562
1596
496
170
2563
727
724
344
401
2564
2565
1166
844
2566
1952
2567
212
2568
302
2406
588
131
153
72
385
85
646
1207
18
369
53
2569
2570
1234
227
2480
1391
12
33
633
1524
180
1524
2222
2571
1995
949
1013
369
597
280
2443
98
737
1162
1943
2486
1459
930
772
2
783
2491
345
18
98
1262
2572
1668
873
2142
91
0
101
75
11
2573
2574
1584
2394
2575
2331
477
71
2016
1364
932
1736
93
2576
53
2577
2578
42
2579
2065
992
1393
2580
1951
816
2581
1957
255
2582
258
578
78
2583
161
2584
1492
2294
2112
667
1305
1715
1840
1606
273
1567
500
273
2011
112
12
78
1534
288
2377
78
1287
2585
165
18
98
98
961
653
821
398
2586
779
424
1657
706
2587
2588
977
2189
1803
460
19
975
18
76
1381
1122
5
165
388
1574
1969
322
1173
1043
343
2589
0
504
1274
169
72
1844
359
1856
1519
1094
98
2333
496
2590
1188
2591
1487
1478
722
2592
1607
146
1081
2086
1952
522
720
1956
1159
1552
1429
12
2593
519
2594
2155
2558
53
390
1571
432
409
106
418
1285
2595
88
2596
2436
2597
112
112
2598
722
18
483
2450
2532
1673
860
839
2041
1483
546
93
2005
2599
729
307
1207
2600
12
2466
443
2312
519
2251
2601
85
318
78
164
64
630
1
968
779
1466
165
365
2602
529
2603
463
615
2058
629
170
1780
1035
1974
2604
2605
12
129
2255
63
217
2606
773
1293
2088
1499
112
483
67
343
2607
2607
878
2608
246
2342
715
2062
1385
44
2019
2609
1579
2610
418
2232
93
8
381
489
1681
344
722
1905
2611
19
401
2612
1408
97
816
156
98
1339
2152
1287
44
1045
2613
170
1452
2614
295
1296
2615
410
1605
1240
2616
609
543
2617
2618
2619
71
1473
1603
170
1313
88
2620
667
2136
607
477
2324
170
653
906
2621
74
2008
613
239
560
2108
2622
1474
1554
2623
426
2417
2587
2033
2087
1131
170
2624
71
1340
1781
219
190
2625
2625
2626
1588
2536
1992
19
78
2283
483
2573
159
844
996
2627
148
677
5
5
1674
1614
2628
2629
131
1185
2630
2631
677
1884
2356
620
2632
2633
1310
834
772
550
2634
169
398
12
1471
1210
447
137
677
71
0
257
1874
189
255
137
1039
2635
2019
12
802
2621
1524
12
2636
2637
1029
2126
318
943
1272
2638
2639
613
64
411
2597
98
304
6
560
2640
286
1575
327
85
453
0
2641
598
53
231
98
46
2559
554
1567
64
18
325
71
2642
2643
1210
78
903
18
1255
1983
170
2644
2645
527
63
2089
546
170
156
2028
908
2341
426
2052
1563
2646
250
74
463
1834
93
42
221
595
813
727
2207
64
302
78
2362
2329
2647
93
11
1872
2647
2648
2649
2650
1173
933
2171
484
85
78
705
196
1135
78
1867
409
2597
18
20
2651
1337
772
668
526
19
418
782
2652
243
1051
103
2253
64
93
719
67
2653
1300
988
2654
452
2065
1703
2164
191
2655
1429
2628
824
2646
2656
93
93
1367
1982
844
2657
1465
527
407
78
584
5
2658
1231
2659
750
170
609
2060
170
2660
98
529
751
217
2643
949
806
262
2179
369
472
71
1401
2595
25
183
1555
2526
766
483
64
286
844
416
520
755
93
1601
281
1043
886
1579
281
1797
119
1243
2651
2062
2
255
180
2191
18
1972
1120
170
222
16
219
847
2661
137
1717
2505
460
2662
397
613
2663
2664
1385
2665
170
2567
2666
67
966
1749
150
860
2667
2445
575
170
2668
2545
93
1276
170
722
704
1470
1004
153
2669
101
2670
2671
1879
12
716
53
724
255
71
18
1802
1684
2399
53
939
76
477
392
519
1540
638
2672
1421
375
18
2673
0
271
2454
880
444
18
2674
779
298
2675
722
467
2676
62
1545
44
2677
2678
307
78
731
1180
2653
2085
76
316
2679
2545
1802
255
2680
99
729
2681
221
2682
436
2683
1331
1953
78
2684
2685
212
2686
822
19
1356
418
1210
816
2687
2688
523
13
170
118
2394
2689
2121
1189
2690
1673
1775
463
951
255
170
2691
1961
409
2676
359
722
833
2692
2135
1879
750
2623
857
1276
12
2452
93
12
2693
665
236
229
2694
20
2695
2096
635
78
87
1711
442
722
2696
2697
1471
32
1145
5
18
694
1536
1065
53
212
800
2698
1366
156
2254
458
1812
1633
1425
112
1029
529
888
233
24
243
88
1633
1472
98
256
1107
2699
2700
12
1904
2701
137
1716
646
779
72
971
381
32
1441
1051
1290
1772
94
2553
1420
1315
1309
252
19
88
2702
1257
2703
2704
2705
18
893
1569
820
315
89
78
1495
2628
165
1447
257
722
543
203
813
2706
18
1324
2707
143
1625
257
71
1325
2145
169
299
1073
2139
18
164
63
722
2708
131
1873
750
79
137
1524
543
44
196
161
169
1388
375
1281
2709
475
638
2710
2711
860
2388
960
1903
2712
480
543
18
5
875
1980
78
515
288
1152
293
567
1642
103
134
169
581
106
390
295
2713
490
1305
2670
919
53
490
1333
76
82
446
219
343
2714
715
724
1724
271
284
2608
2715
19
1929
2716
1753
1589
1634
1139
613
2717
343
2718
341
611
219
1692
12
378
996
78
844
2719
78
203
343
1567
2118
366
108
965
315
1081
1581
93
943
1559
0
345
543
401
2709
1371
152
18
2720
243
254
2701
64
717
63
1166
2501
953
2721
2026
2722
2723
106
1377
148
2724
1446
315
713
72
2552
2725
1464
918
2354
1472
501
194
1293
49
2726
1119
418
270
662
1411
2727
64
1568
2728
996
112
2110
78
634
282
2617
2729
834
1785
85
1393
1635
2117
2590
1042
5
498
64
779
523
1275
2730
57
0
19
846
1339
604
1218
802
1680
78
93
2731
2732
940
2733
406
2734
2735
194
494
2736
988
1838
650
1966
6
2737
82
1951
1863
2738
341
1364
369
2107
108
522
2143
598
97
1040
1915
212
34
506
180
1584
1838
489
249
2739
18
470
1638
2740
255
1003
2741
2742
650
2743
53
137
2630
2744
1850
20
2085
2066
18
65
2002
131
515
67
318
418
418
164
2745
694
2281
2059
195
511
2746
2747
1384
1919
1505
349
136
2748
1876
303
53
2656
2749
2438
180
71
64
2750
2751
856
2201
112
2516
359
2006
2127
884
755
2752
19
78
2753
281
2754
2755
156
0
1486
1047
440
1817
2756
418
772
231
18
228
2757
765
212
11
2758
2759
1836
2082
137
1863
12
169
170
327
733
296
1846
241
169
2760
551
2216
24
1173
2024
2295
587
496
2483
1729
999
2761
271
93
137
936
2030
1510
153
217
1084
2704
560
394
271
1841
2010
170
169
2627
880
2175
184
196
1240
362
112
582
133
243
1749
519
1806
682
137
418
1166
12
1915
883
370
2079
2529
2762
2763
88
1598
835
2125
919
608
1092
1470
2764
2765
785
1130
2002
18
2612
67
2766
860
153
63
98
18
131
496
1792
2767
72
1378
72
867
2011
904
650
71
2768
170
34
952
342
1343
1364
487
244
2351
2444
71
573
2769
215
640
18
2770
211
1884
2149
1264
1955
645
1494
311
296
1222
837
232
1256
2771
1835
2427
2021
1947
2772
239
1747
751
296
589
5
79
25
697
61
381
170
12
2051
180
0
1455
6
1553
112
903
76
20
2498
2420
2773
316
1239
324
1321
2774
638
1505
1652
388
1892
169
5
2388
2765
566
343
318
318
2775
302
20
312
2521
477
214
528
64
119
64
613
256
67
219
71
2268
813
1166
452
24
0
649
2700
750
1112
2776
1961
2777
71
1092
2460
18
1349
522
931
2778
5
2182
2532
774
2779
2780
1657
136
170
2781
538
18
2782
2783
88
2784
1151
53
2322
1135
2785
2786
19
2158
1812
1387
1271
2787
290
290
724
13
2788
1761
751
93
148
71
169
2574
18
78
97
1512
1906
245
465
969
71
918
988
53
316
56
2
1442
1033
231
53
344
85
2761
247
78
446
74
2789
1663
1893
364
11
156
859
1785
170
2205
1307
2790
18
434
2214
725
398
343
42
859
1519
501
296
1480
1834
98
1534
1877
324
424
2791
71
1333
907
2792
2793
78
2794
18
180
2795
2419
5
2370
1077
1200
53
615
71
1602
1812
742
341
2796
50
74
2096
1635
324
1941
1544
68
560
2560
2639
44
489
1674
1470
2797
164
2798
2779
2779
296
751
20
146
260
1154
982
248
314
2066
217
316
131
2102
433
880
316
2449
53
564
94
2068
1241
1741
1207
183
485
74
1845
178
2799
270
404
1668
1336
860
2800
12
1616
18
2801
638
519
2802
2646
346
1232
243
239
2803
341
2804
1612
2526
53
72
1435
994
726
2805
18
227
2806
63
71
646
2226
343
2807
882
300
2808
2809
609
449
13
153
67
492
18
1186
1850
573
2672
1526
18
98
2389
762
2723
2810
426
2249
1843
2408
690
162
2811
162
1713
153
642
1713
403
967
2599
483
236
78
1524
93
343
1102
2812
501
19
2813
94
328
682
1162
1898
2427
650
2814
2815
12
1050
18
522
1203
333
1965
19
115
219
463
137
232
1077
2596
1629
306
2700
19
312
64
79
2771
2816
748
835
18
737
18
1040
1066
2817
569
2218
2818
2137
519
2
19
341
1839
337
168
401
272
64
426
170
93
1868
18
168
346
93
98
1862
1751
76
937
170
460
2602
243
2819
352
170
2337
64
2678
1366
363
860
250
93
268
2503
635
13
2820
753
79
1349
522
2589
410
1751
1830
108
76
5
2821
1880
1914
548
12
94
18
15
2616
802
2406
219
804
2494
20
87
88
378
2822
2734
2296
329
211
1535
738
270
2
512
2823
2824
2488
1923
460
1872
137
1948
920
1107
71
214
1742
39
24
822
49
2484
1745
548
18
82
2825
2720
1889
71
808
12
2826
2560
675
1345
489
137
78
2056
256
1571
2827
78
2322
2828
1207
2618
2829
2343
18
71
240
170
130
1461
2830
519
118
63
901
1270
2787
2831
93
88
976
219
88
18
88
779
562
2199
1935
0
2832
2496
2833
294
506
196
379
819
519
1943
2834
78
57
461
722
13
379
333
1810
1019
71
71
18
1021
952
2835
2680
169
1201
2203
2836
170
2837
2806
2010
646
579
415
1088
2619
2236
12
108
2838
1290
137
2183
93
343
2810
53
343
270
1615
53
175
18
11
231
18
1302
19
78
2839
880
1918
860
2224
246
1755
543
809
250
5
2840
71
2632
2107
398
1567
844
1210
401
2508
293
428
677
399
2763
2841
2660
5
18
502
143
1339
1066
2575
2842
447
2184
470
1339
64
12
2843
2844
170
12
1838
999
1385
418
1682
42
2845
2084
16
1902
2846
2847
156
1350
483
2002
988
635
2832
213
74
159
1500
1134
19
398
53
1147
196
2711
1147
270
1701
2064
115
490
51
1670
440
2848
1325
296
18
392
1066
296
196
1647
1634
18
18
18
2227
1483
71
722
148
2849
240
620
170
1371
33
2515
2122
999
2850
1243
299
975
1450
2377
6
71
18
2579
2851
949
980
125
2361
1216
1415
176
460
1135
2852
78
2853
229
715
79
1238
2568
695
2854
359
229
170
2259
219
1598
78
2855
558
231
903
12
2856
170
170
2857
1253
1695
2858
2859
2
532
1079
154
496
1026
359
2325
490
1306
756
2126
451
2860
1344
2861
479
2862
2863
490
2798
18
72
103
985
2248
2439
2864
2263
1257
1607
2865
18
2229
2866
290
2867
460
604
650
661
168
768
1526
1725
1081
118
598
53
53
90
1586
949
447
64
1201
2248
1248
1827
1364
2431
180
231
18
2609
2677
78
1591
360
1871
106
802
11
1636
794
67
595
1773
2868
170
1188
2869
170
802
2861
560
165
98
112
322
1306
194
102
93
1590
424
103
194
101
1354
1501
586
577
2279
170
2061
2792
169
2023
1149
2283
971
74
2623
53
255
1918
635
1123
817
1471
426
93
512
2250
809
271
243
1417
2870
1982
170
2871
170
1265
2872
880
2861
250
418
78
1917
2062
890
1217
62
1400
692
170
2655
2454
203
381
85
460
2873
5
2306
18
926
53
1464
53
18
219
378
212
2874
39
598
2488
90
112
611
2875
650
156
2876
442
1431
1322
2877
1600
169
2878
2879
2846
271
2196
2880
398
290
1815
1261
2879
1168
2114
170
519
18
2524
358
98
2167
72
1992
2881
1908
170
296
296
1740
2882
1644
148
1908
1761
633
2883
307
220
483
183
1934
1710
2847
343
2651
2099
25
2048
2665
18
72
863
131
604
72
407
653
2196
465
64
2257
71
2840
1673
988
755
2054
348
131
1689
2884
1337
2410
2062
161
33
873
2885
235
2886
91
19
64
844
1300
12
974
1661
802
118
1339
1081
1385
604
1906
219
78
2887
2114
2349
477
2150
1717
724
2888
2861
858
1962
1477
426
1735
2175
860
64
2889
18
67
316
738
2890
1762
844
19
25
154
170
524
315
2875
2891
2486
2655
750
988
560
804
26
393
108
76
156
2607
18
1844
64
78
709
1051
2798
443
426
1356
2892
71
131
1663
93
1922
813
2893
64
1016
5
2894
380
677
2604
916
296
696
1862
18
625
543
1112
71
21
2895
1224
407
2823
2896
381
98
841
154
1651
2897
2459
2898
29
2749
1850
176
71
2766
2780
94
1995
148
915
2
12
2899
318
318
67
85
2853
1717
18
64
170
2469
103
346
2005
1188
12
1200
2517
1738
1233
2900
447
170
348
12
1507
460
1813
447
88
2901
1092
202
183
239
1063
18
504
71
5
18
2726
463
71
143
53
1340
2019
346
2902
71
2560
662
2761
1403
53
2903
1052
1778
529
71
2680
1943
2099
6
694
2904
1371
649
2039
71
217
2393
9
18
33
12
2890
343
33
94
1579
29
523
1868
1781
165
2905
613
148
93
483
771
1786
1166
53
1112
217
1589
71
1747
452
477
255
966
2906
53
78
2907
1836
828
1526
170
2144
180
2847
307
2908
1400
2909
1160
613
1291
383
0
653
970
2910
2739
383
533
2900
1626
495
2091
2571
1356
2233
12
78
88
78
615
489
239
525
250
239
2657
2724
860
170
2911
528
13
1277
2912
12
19
490
2673
203
2913
273
5
1426
1233
1233
1023
418
88
157
749
12
2914
546
93
2915
1420
12
477
12
82
2802
2916
170
53
424
12
18
53
0
2917
12
1899
62
1991
172
137
278
64
2032
93
728
288
515
2918
1726
271
64
650
983
12
1898
2
2919
299
2920
88
511
33
50
2649
545
383
2921
506
491
13
409
816
1853
1924
1592
844
1819
483
2273
1571
2189
89
1826
343
802
2922
1174
720
370
162
235
783
2716
283
1351
519
1764
2923
316
1524
2924
162
2824
903
2621
615
82
426
1945
722
2595
2676
2472
660
660
1322
960
580
1436
1876
2925
522
84
694
78
1681
1890
409
1021
646
579
525
2926
1617
951
1130
465
64
94
2493
1812
2927
93
1725
994
2928
288
2282
1743
2929
76
993
477
271
1952
318
148
424
2377
980
999
19
2481
247
78
131
78
2930
1958
2884
2931
2529
223
315
581
814
19
2179
1571
2581
2616
1648
67
64
2686
234
401
2147
466
53
2071
1255
2932
544
1339
795
64
18
231
322
519
343
72
318
169
1224
239
2933
1760
76
645
164
490
343
2934
120
2360
232
1952
85
1917
2395
2935
1283
47
98
1511
2936
633
2542
2164
346
1739
227
1000
1416
164
248
1192
2937
722
1099
814
596
2938
982
2939
997
2385
18
243
91
668
1456
361
1997
2940
2868
2941
860
79
597
2942
512
2943
2944
1944
2945
52
66
296
98
2618
2211
78
2946
2947
2948
53
1315
856
1210
1060
64
359
61
420
689
367
1511
771
5
255
548
1211
1531
19
71
505
2949
529
1972
994
359
506
454
425
907
18
1627
217
158
2950
18
601
2951
2140
78
1657
1453
548
12
466
1402
53
1607
957
2353
1339
231
230
2495
483
285
1606
2594
1838
250
2265
1563
276
1089
292
490
2952
615
418
410
51
2953
475
2954
375
447
748
18
2867
5
169
88
107
722
604
2955
1371
137
137
11
562
255
463
2956
506
71
1121
1131
591
779
1922
2105
316
1642
2957
77
18
2958
2959
2248
561
2899
2867
51
2867
2960
601
1770
33
2961
33
383
2275
424
2962
128
93
2583
2963
87
1566
170
2964
180
288
475
2356
506
1451
217
2105
445
33
119
67
148
834
371
643
765
1207
2415
444
53
2715
411
2965
545
964
1583
512
2966
571
1062
444
2967
479
93
71
650
2968
2342
949
1657
137
2969
490
483
78
99
5
2970
802
2971
5
941
2304
2972
1518
12
2129
19
226
24
1966
1485
2973
1472
2974
2766
1305
1819
0
2210
2975
165
1570
2822
2591
156
1651
13
239
2596
1723
2028
483
1879
1838
219
18
97
381
225
1166
1198
773
1651
1763
47
59
2976
270
119
1716
1241
24
2977
2978
2979
779
0
156
1956
12
2911
94
1442
359
447
12
12
20
1408
137
343
2764
5
5
18
634
1810
169
1986
2141
2980
2944
579
2129
183
483
1442
1464
2536
93
12
53
53
2981
64
1440
331
1895
2754
93
72
1605
18
2783
2779
53
2072
64
76
76
2982
1720
2195
2983
2152
51
285
71
2984
2985
813
12
1916
170
2986
2987
20
20
2281
452
900
1732
1568
2751
443
2988
5
2109
809
5
2012
2062
64
2447
2947
88
2372
2480
1464
169
426
12
234
278
1257
71
443
424
919
12
183
463
515
211
2989
1528
2990
1242
662
2679
2014
71
112
2636
2991
2149
364
2873
2992
1683
2628
2993
42
1077
426
2490
372
18
71
165
88
2854
816
308
11
18
751
12
2994
63
12
1143
78
844
1142
2064
873
1031
33
140
1331
401
2995
2160
1599
78
2156
1526
2100
2962
1469
255
2996
63
2997
1100
803
1022
2998
1157
2628
768
349
299
2999
2718
1611
3000
712
490
2450
1747
2609
18
2120
1538
18
2931
18
13
3001
72
2582
296
2449
3002
759
255
211
608
329
2248
2129
751
3003
1593
810
1651
170
2203
560
5
2246
18
1589
3004
1280
750
1020
3005
3006
2894
530
1106
1153
418
81
2707
170
941
409
2672
1193
806
654
2862
522
923
960
854
106
170
180
93
668
292
281
1415
19
440
269
18
919
18
1030
2261
18
1066
2187
3007
2878
518
90
515
64
452
3008
18
2957
87
11
12
2713
1135
79
170
3009
884
246
1653
5
1870
1809
1371
760
993
93
2239
3010
71
303
2800
884
3011
860
3012
3013
401
2554
1339
614
426
2168
64
463
180
5
1108
79
3014
424
62
78
78
2771
1683
18
463
1450
229
2233
615
1683
271
97
2877
2264
722
3015
1207
94
196
635
1787
519
128
93
598
170
18
64
18
155
1658
18
519
760
255
548
239
1211
12
833
311
137
3016
3017
2013
1811
1613
2504
1394
1394
778
2337
2701
844
331
3018
53
2490
1786
1228
1950
844
1689
462
1166
999
18
782
98
1081
119
3019
1740
85
1526
3020
661
517
63
2107
2276
1121
3021
169
2784
3022
2910
3023
1133
0
137
1461
343
3024
1131
2002
12
2528
159
2681
1451
1907
565
1657
3006
2065
3025
1419
3026
72
3027
71
3028
2193
343
1250
119
153
1667
2348
239
12
2808
2451
900
2490
132
735
1548
169
2692
78
677
12
1428
1899
2144
490
3029
496
877
640
78
2243
490
453
71
33
18
341
159
1907
3030
1839
623
2748
679
53
1150
3031
1654
76
495
3032
183
1999
860
170
1272
3033
2816
867
44
2131
3034
440
2383
585
1165
53
359
18
2937
1737
164
981
1358
19
2302
1188
88
2349
1870
219
3035
3036
2328
33
231
2713
638
3037
79
71
652
1700
949
3038
3039
3040
85
720
101
82
3041
2386
953
93
1141
1050
2074
1571
3042
538
1599
3043
1395
217
1339
3044
2269
343
646
2722
1168
316
677
634
1934
2433
960
2745
2022
2416
95
162
200
219
2391
2183
1861
585
3045
165
2011
540
1056
137
895
1329
82
3014
1050
2763
1244
137
2447
398
76
3046
103
1824
28
2200
794
879
811
2576
33
1369
1290
196
2015
3047
1789
156
689
879
2026
93
1242
722
42
720
3048
2013
1318
1253
994
3024
11
131
2869
2513
3049
665
641
638
19
3050
955
1191
1763
76
1611
102
1130
249
343
1612
2824
2096
1737
53
1135
3051
548
1179
1206
312
1730
18
1243
1482
219
528
613
18
646
359
3052
287
3053
525
569
12
137
531
2730
302
1033
2743
91
1188
3054
2884
1307
2391
638
1031
53
3055
662
71
247
1728
1042
62
18
650
2592
1413
162
18
489
638
902
994
2602
2544
137
3056
1131
401
1435
1615
3057
78
1166
1819
2563
64
740
64
504
281
1564
217
196
426
165
93
62
1904
1534
383
3058
78
2668
558
1327
85
302
2566
154
302
496
238
2555
652
470
1975
3059
2157
271
2472
466
2220
302
93
2925
1003
1852
794
1115
889
3060
483
453
369
2212
78
67
288
782
72
856
2977
170
165
150
1482
452
364
108
137
1025
816
1658
2998
162
1326
64
1504
18
159
411
1562
103
33
180
1657
165
229
114
1777
726
2285
869
560
2447
3061
1623
18
25
1420
616
2104
3062
1395
3063
1526
336
700
219
1709
1596
3064
364
1346
1156
3065
3066
1902
296
5
71
169
333
3067
2266
243
750
2323
1563
1872
1977
221
2988
2733
2965
74
2635
841
18
84
131
78
618
618
375
2740
586
258
907
515
2849
2614
1247
393
851
2069
137
919
296
2508
271
79
2301
27
103
1682
93
731
2441
95
2799
131
956
813
229
1033
53
2417
246
343
255
2114
411
677
156
53
2456
1305
255
78
246
1192
1842
3068
18
18
71
271
18
646
722
1274
1423
2502
271
1784
3069
2728
137
3070
62
2907
79
12
98
3071
78
311
3072
170
169
1580
259
2062
78
786
1659
72
302
278
153
1763
613
1926
3073
68
3074
823
2365
18
2516
1527
2975
1139
33
3075
3076
816
74
786
2510
2287
170
1642
1931
2834
232
1240
852
12
459
883
1351
1931
82
3016
71
243
3077
1254
150
3078
3053
532
3079
440
212
722
1309
759
153
3080
2235
3081
673
93
2176
383
375
2348
1097
343
424
2917
164
112
3082
370
724
61
61
3083
1899
871
206
1161
288
1657
966
920
98
98
1788
93
917
1332
1812
282
170
2
504
255
452
74
378
1284
566
415
2586
2105
994
78
1021
2707
579
1791
1979
830
2924
2124
75
24
3084
2657
6
2231
199
2913
1528
927
3085
3017
2374
1593
697
2846
280
2226
50
170
255
2132
950
722
170
443
3086
169
51
543
824
44
3087
131
75
2256
588
359
128
2360
779
2604
278
1064
2470
2932
93
665
2551
1157
2988
169
349
2212
271
18
2752
3088
985
2752
2237
359
1968
98
1560
3089
2397
93
33
3090
677
3091
515
49
343
779
647
2144
678
170
183
0
1957
615
67
3092
2806
1592
962
268
1153
1609
1136
2997
156
3093
2277
3094
1188
64
776
19
1567
13
2800
1074
1963
1245
971
833
644
1472
693
693
496
108
638
13
232
1461
2936
155
19
954
18
2967
1524
478
165
78
2186
2164
1558
943
203
1219
19
1853
137
53
93
94
247
98
2690
1846
53
12
50
2
18
94
3095
3096
2888
2062
219
93
1839
1377
2248
3097
479
398
3098
609
1364
3099
352
552
231
2824
779
72
11
93
2934
53
78
855
1563
1256
93
196
343
82
2349
816
18
88
2105
704
3100
3101
919
838
2199
71
816
1494
278
2113
79
137
1348
78
18
3102
2421
72
803
1765
170
3010
386
219
813
656
2273
54
19
693
2333
433
53
19
496
2317
3103
2330
2779
18
2399
919
2136
1524
1374
1901
176
2075
490
1895
589
3104
2303
2847
1039
171
1814
827
1989
604
255
1825
3105
2783
1698
1339
1559
53
1945
3106
1950
271
12
2558
924
510
1611
1052
1035
852
12
343
3107
421
177
1831
2197
1599
736
2883
285
1970
2803
12
28
496
1887
404
3013
24
20
246
666
519
255
228
1933
1816
2997
27
1164
1434
2560
1581
255
949
1055
1590
1174
511
3108
18
2149
2073
1378
2365
775
2835
2275
529
3109
170
2261
565
1528
2544
3110
1698
1071
18
2119
137
2990
451
3056
2644
460
3111
296
2076
3112
11
13
12
2820
72
1510
807
1034
90
3104
821
108
1093
2066
3113
1290
470
2259
18
546
1947
426
343
38
1194
606
1785
975
3070
2034
1620
2476
2140
1385
3114
2159
1605
2487
278
931
2550
3115
3115
3116
18
76
137
98
858
1216
2463
98
1065
1166
646
3117
915
460
2142
2902
1256
1883
131
836
84
2671
3118
331
748
2727
72
6
416
1263
2323
2770
795
88
12
93
2597
92
2490
2250
162
18
18
50
50
316
1142
3119
580
673
98
98
426
98
72
3120
2300
103
1108
2088
3121
1478
2587
98
490
71
1386
92
949
2094
78
800
844
543
988
71
272
3122
255
1557
483
18
3123
1608
1339
1643
334
3024
1560
285
217
343
74
108
677
51
498
543
119
1851
2710
816
3065
3095
85
2675
770
170
129
2405
231
666
3024
1303
3124
1426
62
2572
2174
3125
634
211
451
466
271
2206
170
467
1198
1228
1031
2743
255
952
2670
383
94
243
1322
3126
3127
18
1587
819
153
2301
98
85
143
71
18
548
5
378
2715
2292
1222
2311
2005
53
709
1632
2224
1112
3128
2269
256
64
196
820
2464
2672
2932
1110
1214
1109
3129
2958
1687
3130
1998
166
879
78
1334
29
685
18
1874
2641
1626
373
148
76
825
18
862
76
2040
730
295
2147
93
3131
168
1476
2693
1704
318
270
3132
271
3020
1348
2741
2465
278
3133
762
201
541
2880
71
130
3134
560
78
2543
71
2318
1276
879
63
666
3135
196
399
72
879
1164
72
156
1207
1559
3136
93
750
74
161
3137
1342
3138
3052
487
24
2100
36
273
88
712
2936
3138
3064
398
470
815
678
662
416
1544
103
1131
170
1300
18
5
409
1110
1943
2543
2579
3139
1660
2791
76
3140
932
1152
3141
595
78
71
2013
2429
543
1211
2859
994
604
1339
618
18
879
1135
2609
914
2412
3083
18
1114
343
94
2294
2712
162
1001
2546
650
2798
526
63
78
2791
67
525
170
2028
325
586
1538
1490
53
3142
409
1838
3143
238
780
480
2838
2932
2163
1698
1591
509
509
1315
678
153
161
2853
58
275
33
779
1952
3141
53
3144
232
3111
2558
2248
240
239
1223
72
2090
477
53
362
2311
33
112
532
369
2619
1243
312
67
2486
1092
1486
72
1256
802
19
64
1789
18
548
914
659
934
2675
50
18
137
644
2039
2240
1156
1524
2292
548
14
82
240
880
1324
112
2391
1633
228
53
2197
1066
802
98
92
1480
5
1344
398
95
2646
2100
18
443
1569
2707
3145
212
18
137
255
1048
524
193
154
838
513
1116
1687
63
20
53
1359
3146
90
67
11
255
1698
2768
1976
169
78
137
1090
1456
884
3147
1880
1413
71
1819
2274
467
660
1021
257
1551
2008
5
660
312
137
106
82
952
1635
2535
18
1844
45
12
1721
3148
1166
3149
427
119
2164
2011
3075
522
1707
169
1975
2130
19
98
1866
196
496
255
490
53
3150
1080
255
94
1074
618
2971
3151
1895
460
2474
1500
3152
641
64
907
943
3153
819
958
1347
2891
170
920
3154
1211
2891
727
71
443
755
98
1697
53
1357
211
64
411
169
987
2632
219
78
67
3104
149
2922
447
90
255
3155
851
72
88
629
5
2169
18
2578
2179
530
546
774
3114
485
170
2939
326
1092
3156
12
119
1576
2204
2
466
70
482
5
2068
3027
1166
74
131
802
1615
78
1804
1207
3143
2479
1031
165
2283
3114
2299
170
296
1933
1191
545
750
18
1242
53
935
2194
994
1914
2304
1161
1321
72
1379
925
535
2
695
3157
255
1876
3158
78
72
375
6
3159
1686
3160
846
359
1130
2974
1176
1261
2933
1947
2660
3161
278
1243
988
18
1668
697
1486
994
78
19
1038
957
19
2325
170
18
1546
2813
2008
777
3162
11
506
2280
79
629
64
1707
173
2
3163
1808
1189
137
53
82
1914
148
817
2657
2314
78
1922
71
663
93
1531
762
72
3164
255
3127
988
1140
1912
1347
2420
3127
788
2013
302
64
2865
143
1917
2198
1970
2477
307
3165
255
3166
2171
2562
82
145
2708
2708
454
802
3167
183
20
2107
2203
343
2031
902
2907
1077
170
3151
2201
3004
449
261
1358
538
1424
673
247
953
93
1078
2308
108
1124
3107
108
2105
50
94
2027
71
1488
443
497
2994
20
3168
477
5
521
857
2307
951
452
78
12
643
751
860
2102
18
2298
2418
153
3169
278
2014
2163
212
2118
164
781
504
93
2134
78
67
79
1649
364
1605
296
2988
2261
434
3170
1505
1003
3171
50
878
2005
147
755
343
1616
1207
470
1066
1849
803
19
496
2700
1678
180
6
25
2614
641
255
1164
3172
424
3172
779
3173
571
443
972
722
1066
12
3080
18
483
72
879
3174
316
2088
2786
715
1238
985
44
216
63
18
72
1581
1311
18
53
278
1001
3175
362
64
343
62
1783
3176
2872
2703
3177
3178
142
78
519
62
280
2088
255
1282
1812
1240
2567
901
2546
1191
234
2193
1596
1181
942
466
468
609
78
2683
1735
88
2232
2342
1786
53
88
88
343
3020
3179
888
1254
1146
5
3180
52
379
1605
1859
862
2337
359
2554
2274
2515
103
131
63
53
634
1602
5
1460
3181
150
1395
78
594
283
12
53
3182
12
3183
543
2763
71
1102
174
1120
1327
1315
2218
1008
296
85
2301
308
12
2057
484
5
1118
1559
3184
164
3094
53
1553
853
1495
72
3185
168
1848
3186
1661
2326
477
183
1657
369
2108
1464
12
1435
1155
88
2101
945
231
3187
1787
1245
1099
71
3188
78
3189
2497
1589
98
33
250
1559
1311
1631
466
112
921
1917
3190
323
2788
2243
78
2561
1878
63
1098
1763
1597
1533
1092
2168
1303
659
53
2884
779
2591
443
155
1166
1356
1953
143
71
156
446
219
78
567
2821
348
2926
97
416
2818
516
137
1872
1166
2927
2013
1339
170
2840
1725
12
18
2380
1885
302
1212
264
792
1297
452
510
509
1450
490
170
1104
768
1661
2661
131
170
1511
62
12
170
1647
2371
759
401
3191
2694
74
3192
3193
764
108
82
510
747
510
509
1339
590
471
381
816
153
1432
33
465
531
264
638
440
595
162
2506
82
1351
3194
1853
2526
2363
2968
937
1970
302
288
2685
93
67
3006
106
966
2099
307
424
255
1001
1499
1515
3195
3196
1243
39
78
2539
2630
1431
3197
609
44
1292
53
2799
554
450
1163
2042
221
3198
64
331
726
623
134
71
2
452
370
2068
898
322
572
2504
1618
5
33
490
2988
995
3030
112
3199
1828
1039
2959
165
593
1186
2825
2643
1156
779
212
504
93
98
71
724
444
1051
64
782
550
3200
722
2550
170
170
2080
1178
2409
1166
48
2010
2769
78
2977
17
343
355
231
137
3201
490
343
2154
2393
93
63
42
3202
519
72
53
180
398
312
1974
194
243
72
174
3203
246
671
1635
677
1432
1853
1491
2282
231
2205
18
1081
1766
33
1868
219
2143
1687
108
19
1380
1369
297
302
2932
2419
3204
315
98
496
62
3205
533
409
2384
1208
369
88
16
396
2762
1082
1285
1542
212
2813
829
3092
1551
2048
1811
3206
1508
1516
3155
1154
2152
19
1490
64
2862
3207
1900
1188
99
79
1466
159
271
1571
156
12
757
842
2138
1460
856
327
3080
0
93
1775
1032
1063
18
64
18
1130
1527
1568
137
362
366
5
18
62
671
3208
1834
2443
341
3209
1339
1284
1296
1008
1207
64
1889
527
565
3210
1395
24
1365
219
653
1021
2386
3211
3212
64
1037
3213
93
673
76
3214
3215
53
477
2279
388
1178
296
18
78
483
1166
838
1581
1052
1380
717
1288
1095
12
18
12
53
1293
25
1651
754
1135
2284
170
170
71
3107
1871
443
1923
2350
18
1303
1072
84
3216
2316
1550
3183
299
3009
2323
74
5
3217
137
71
937
538
910
150
548
1937
1403
891
528
18
1266
650
1547
1606
1442
3218
3042
1130
1183
2473
1488
2934
71
1477
71
1187
33
231
2412
71
78
2906
18
18
2574
3112
170
3219
247
1476
1081
378
2352
994
1435
2517
1170
18
2935
71
1148
3220
71
63
170
341
1381
63
1678
312
2391
621
782
148
1014
147
148
1255
119
1472
18
3221
5
2114
67
832
3222
589
72
460
3223
378
63
1673
2855
3086
153
562
2946
2251
653
347
607
78
12
1416
477
1684
1414
773
816
449
1449
1840
443
12
1997
2302
852
920
2360
741
495
5
3224
515
2846
369
1182
12
1601
2833
447
2309
3225
2623
25
782
661
1539
18
1495
3226
101
112
19
3227
2133
106
24
460
3033
78
859
1623
477
443
207
1436
715
1657
1559
904
288
169
3228
1130
2580
860
233
316
302
2949
2988
879
1333
2568
447
78
1505
546
2980
650
905
591
3229
1698
1835
2045
53
893
318
318
194
808
90
2687
2776
18
1324
93
2897
516
139
715
449
78
396
79
28
64
382
1519
368
2666
851
2682
19
2912
18
997
3230
3055
19
2153
231
2347
71
715
112
2218
480
2037
64
641
20
78
2746
170
169
232
171
5
3231
3232
2173
79
2555
2982
1809
300
1081
3233
1947
2284
64
76
3074
2345
444
72
111
1448
426
53
148
2058
1001
1676
3234
3037
131
111
2378
170
2719
19
1845
1333
562
799
13
2213
643
3116
99
2148
832
1557
12
1020
511
309
2509
2848
131
1961
2512
18
2047
1716
844
375
2795
994
88
1144
856
1188
1483
3056
18
614
1498
1435
131
390
33
2013
3235
2886
104
1721
2801
1561
1652
296
2007
1395
5
1302
2076
570
85
110
1971
2299
64
74
3142
2868
3236
2063
1686
1873
170
219
673
1280
364
801
170
3178
1801
821
443
3237
1529
93
78
2023
53
2880
724
74
322
82
3110
20
1799
1092
638
20
2026
771
281
2655
1410
942
239
148
170
2302
309
3238
3239
2092
2432
1034
346
679
1802
1135
64
79
1745
255
112
93
1267
2019
2416
88
2036
590
2383
464
2690
498
108
72
765
1381
1602
2013
2591
3159
677
3240
1853
859
2165
1339
170
164
1574
284
2453
2234
483
33
223
618
3034
953
78
650
2490
427
19
103
975
1266
474
2283
196
271
3241
3242
404
64
1505
1538
19
2423
838
1624
1864
1447
2586
2535
326
1769
2775
29
243
2666
3243
318
1595
2366
296
2607
3235
44
667
2705
1045
3059
71
513
2831
18
1565
18
727
1907
379
851
3091
255
2721
1535
1635
757
500
1635
1322
1096
2777
99
614
79
3244
63
1034
1193
856
2085
1021
3245
1463
1543
2246
3246
710
819
343
2632
923
615
1392
2009
2430
527
1973
18
239
170
78
2096
1092
239
795
3247
519
1359
650
1527
2794
2518
2333
816
801
3248
1638
3048
1895
772
1136
33
816
12
27
169
1307
772
12
1664
18
222
968
2918
71
983
1243
1081
2703
299
2868
343
1604
108
729
134
76
170
1298
2583
1166
351
779
219
272
1021
1984
1838
18
82
2696
24
2055
2875
2593
919
2569
88
194
1472
2928
485
5
483
3146
1999
1305
318
2029
312
532
1859
1832
1780
379
3249
88
1013
153
71
1514
97
13
715
274
2601
3250
343
2105
307
0
3251
2105
1580
64
2489
3145
71
272
79
3188
757
129
2352
928
2496
379
2571
1062
357
936
575
79
748
2592
2469
924
2241
1563
18
11
1990
1136
3050
1556
2410
2969
72
552
131
1780
79
2490
1626
738
813
3
1910
604
3003
2179
2616
3252
302
5
1871
692
63
2593
1632
18
1777
1656
3253
18
657
221
13
3009
3254
653
2784
1211
2952
103
683
1165
78
844
93
44
78
1022
3046
426
2348
1099
3058
18
3011
93
3255
1477
18
1166
1038
2306
66
341
1457
1070
2570
360
378
53
675
634
3239
188
76
341
323
560
2393
1739
1689
2870
288
980
137
3256
677
914
1455
357
1020
2876
1447
523
1258
93
78
255
62
6
650
1207
1474
64
543
1685
2736
368
372
2333
506
5
2645
1072
1862
612
137
170
383
2760
607
3123
2599
378
159
2701
642
156
1266
103
63
807
3257
755
119
660
3258
2888
883
180
846
1632
1385
3213
2682
2211
1875
1571
250
72
343
18
101
212
18
1752
594
1476
1774
2316
381
846
2240
2799
78
1288
2765
875
343
64
112
219
2623
381
78
3040
650
398
108
2606
3203
462
883
862
170
1225
1162
2
946
3103
499
33
3014
2013
53
375
939
822
2011
3237
3156
3180
1194
560
2818
678
1736
12
219
1455
381
1625
3259
2328
18
2767
3260
3186
771
2527
398
1903
602
247
312
2789
67
18
12
82
943
1796
1578
851
483
165
496
1234
2147
856
469
170
152
1763
44
3261
795
1281
1898
2602
778
424
2146
535
12
479
53
227
2
2095
12
2592
288
74
418
341
180
1090
445
1727
1919
85
170
953
336
1207
2941
1207
79
53
2194
78
638
2803
1811
677
67
3099
647
12
362
12
269
12
2477
2640
322
2849
103
309
19
131
1072
3087
2525
239
170
3222
1433
3262
984
18
18
72
5
1970
715
78
150
1773
833
2185
538
1819
2582
1839
667
1915
953
1125
71
1701
3263
3263
1862
3263
18
2947
1421
53
988
40
958
18
219
447
1687
18
118
519
818
71
50
1544
586
949
2291
2859
2340
79
2218
170
12
72
995
2998
490
3264
841
2332
25
885
13
1072
2140
2715
1819
3068
2875
1838
78
1083
33
1487
1579
663
437
1907
2447
1716
2158
3147
3098
50
3265
724
1268
12
296
6
2988
296
2672
346
2812
2240
1154
1822
1447
1808
12
3073
2698
12
1417
401
18
78
487
18
751
168
1052
2827
72
3266
78
170
164
12
1464
422
552
12
137
646
12
1021
280
2856
154
72
1437
18
941
3151
1845
1525
477
12
152
1652
748
343
137
131
487
286
2125
153
1021
844
18
18
490
1257
53
2822
2822
2853
2618
2618
501
2140
3267
2850
78
188
3192
42
2096
1220
148
2662
1698
12
98
369
986
1879
12
779
2209
231
50
78
50
1163
18
650
3268
1896
64
1714
12
3269
53
108
157
53
153
2742
2550
846
3270
72
24
1261
119
255
78
295
1477
164
318
1164
1315
3138
98
2859
72
2107
518
93
67
1585
730
2690
29
2934
27
3033
296
12
2098
463
1657
288
2139
401
1002
1509
569
5
1818
1173
506
2773
438
1816
1382
3174
1369
1170
2671
1671
2888
772
1842
255
1339
1861
1148
79
79
162
153
165
304
131
2995
3117
12
715
2977
2920
578
2405
498
19
3271
1696
2781
343
2293
1607
3272
169
1744
844
255
1700
3261
751
1879
3273
1197
2967
1844
362
3164
343
12
71
90
2717
1833
196
2339
1395
1147
119
3118
409
208
611
1324
224
838
3274
5
76
2375
2637
3251
409
322
1487
1099
3243
2813
496
316
79
14
474
619
50
64
1243
875
3228
2421
1898
1729
12
51
3275
1647
162
2744
3276
802
1605
638
351
1339
2533
180
203
247
2436
1814
426
2919
609
3038
1451
3277
1855
78
53
2404
58
19
2440
2014
1804
1233
318
72
1195
1886
519
1870
859
2620
93
989
3278
103
1967
131
1024
543
302
150
343
2945
825
1429
93
232
1207
778
1062
581
5
2335
633
490
2859
131
3277
2827
2361
953
108
381
935
648
131
193
821
67
200
2196
512
2881
685
167
1469
2417
1757
2577
2600
2754
98
182
5
50
341
270
18
350
2290
131
2016
880
755
742
18
72
2981
71
2732
12
497
1313
3170
515
33
2820
2382
1540
2170
5
169
2182
72
1538
362
558
441
2960
318
1985
2540
296
248
348
654
819
24
846
498
0
528
3184
2785
3142
301
24
180
1792
2299
18
64
72
5
1256
1993
1704
19
88
180
18
74
1378
1464
78
3202
307
71
1282
2365
78
162
1697
2943
860
724
2970
483
78
3279
2430
597
3178
12
2964
53
0
3257
841
585
108
959
5
170
79
929
1881
2950
13
1193
3280
2527
255
2448
3208
50
1651
53
255
12
12
1415
1379
2232
2436
1962
170
1396
3281
2303
3037
19
1519
887
487
2103
2301
2761
1226
398
1934
894
3282
2860
3015
3005
118
3283
3002
74
843
0
98
18
410
2078
1685
1898
3284
757
689
1091
447
3110
255
1040
3285
169
12
20
953
1241
1689
1021
1067
255
2010
631
549
3282
2594
999
2823
78
3286
5
582
1372
196
343
375
1348
412
650
58
267
618
2738
99
98
765
2651
1294
79
76
93
2651
129
71
1571
404
91
1627
2281
74
3287
1207
1564
1835
987
5
2029
2374
0
2657
541
3288
322
71
2090
2411
3265
164
1136
344
255
360
3229
79
602
3262
771
128
677
546
150
470
981
1661
78
78
2844
287
148
93
53
346
390
2561
93
558
53
779
2439
62
18
13
1705
288
264
2005
915
169
2427
2851
527
3020
312
2855
2880
93
2414
3289
3290
112
53
3217
3146
170
2390
375
722
2801
2248
2887
379
2827
460
52
18
3288
0
53
3167
571
2358
1911
674
1721
477
0
255
112
3291
18
72
3292
1701
2849
1454
33
2689
2071
769
3284
105
1817
477
1969
655
664
1842
3144
243
711
42
3265
2405
131
1117
12
3293
1817
2010
79
1753
12
490
3200
74
653
2179
207
522
398
907
613
1107
33
76
1439
72
868
1471
169
2869
108
1020
934
196
701
1629
3256
255
1265
522
3174
2774
1372
3026
112
2763
1719
2319
286
137
1683
1098
165
2498
1530
0
78
3061
2008
2172
3294
1193
243
3295
1021
18
212
615
904
18
382
546
200
288
82
79
93
19
1508
843
3296
722
844
602
239
447
2043
3049
296
1869
3175
367
270
1916
296
33
2963
299
50
1380
2226
74
558
19
277
3297
93
2188
1319
2955
3298
93
833
3200
270
2257
615
1958
3242
2431
3055
137
138
3299
1377
2656
2093
578
941
63
53
18
981
606
170
920
2422
2664
11
1839
3300
1810
1849
63
18
531
578
1491
181
418
62
1775
88
417
201
598
1559
3259
165
302
1066
481
654
1315
170
1261
3290
296
229
1781
50
329
2013
53
378
359
78
232
82
3185
1772
1268
3301
646
1069
1747
290
72
19
1082
966
650
730
278
466
3167
846
2190
1234
3302
63
1266
2750
2674
18
1758
1453
615
103
137
64
3062
12
50
219
1339
1958
2485
288
8
154
3100
255
1904
1688
2426
359
13
638
2809
3129
1090
3303
2920
71
18
296
1438
112
2077
1099
24
448
78
1350
71
0
1021
184
710
3120
3058
72
93
2554
2231
720
2381
686
1661
2583
2933
270
1243
989
82
3304
271
498
2014
5
2233
485
651
2845
200
1756
2792
1714
119
375
2220
1427
379
953
1734
398
697
2386
3254
478
1234
1939
78
505
169
3305
12
2144
2083
802
534
12
418
2677
663
490
3306
2368
80
3307
715
2153
375
1646
219
598
2710
158
5
470
1635
102
82
18
71
1863
511
59
1480
2506
378
1520
98
3308
2320
3309
2140
1038
609
4
1910
24
170
88
527
1162
381
1961
247
444
239
3083
722
1632
296
1031
3225
3310
332
2790
443
5
598
778
3260
2203
722
404
2539
3311
2179
780
131
677
72
477
831
2967
994
170
3312
3313
78
515
2588
1659
3158
5
2962
672
3314
2999
1438
5
1629
2278
662
442
47
502
650
12
998
548
496
398
2756
2739
2211
63
71
2845
519
3200
343
72
305
1817
3294
722
53
3315
527
1214
362
1339
53
2755
3152
2126
19
2714
341
102
18
3227
72
3316
694
715
974
3030
299
3180
3131
3182
1246
1699
232
3065
2722
1513
1904
816
1082
33
85
18
782
560
18
2981
67
18
2446
2174
1254
98
2549
63
490
24
94
1859
2798
156
391
1378
460
1322
2898
512
3255
383
755
3317
469
3308
371
1324
2162
510
42
1352
362
460
93
845
2504
3318
1395
97
1559
3271
2780
375
375
444
772
18
560
1404
665
1725
1322
452
3319
594
231
1116
312
118
2851
6
3320
2842
0
1081
1500
604
19
1050
90
540
2451
2872
779
3314
71
2798
170
2880
76
729
724
44
288
2307
2482
112
343
137
378
3122
255
169
44
418
71
3321
1990
1983
528
722
650
1284
418
2555
1927
1853
1905
333
13
78
3156
1333
270
772
383
18
2254
362
2802
271
18
816
1011
3322
196
636
2062
401
2476
2446
1111
1374
2425
722
346
53
2874
379
71
705
1339
12
81
1081
12
18
2979
369
2737
2392
2113
1677
3180
1844
2321
232
2
19
3246
932
1183
2692
246
79
2210
2428
19
99
1833
1725
1533
2017
1299
72
3323
1820
3010
678
618
3109
88
170
1754
72
19
317
85
650
93
346
53
960
799
53
3196
2164
18
231
549
3154
1366
650
2956
18
401
722
988
650
585
219
1254
673
1281
246
577
527
369
1298
1836
56
2465
2173
203
879
1089
1452
1421
1220
18
384
724
401
288
2458
2801
277
515
3323
3289
864
2353
369
162
566
3324
1612
50
577
3041
807
2507
884
239
2268
759
67
98
1605
2486
2140
637
2468
638
81
481
137
2801
18
952
1702
519
2806
2063
548
1090
452
1782
3136
3149
3325
50
1339
650
299
159
3167
1375
2808
2067
12
410
311
78
58
524
2606
18
2410
228
1596
2871
2448
3326
71
543
847
3244
12
779
3063
42
230
3286
3315
1160
18
3207
460
765
18
1799
779
849
341
2628
638
3288
3046
3327
1244
3328
2859
1385
71
318
2071
1436
2779
923
553
2697
369
5
381
892
221
1792
3329
571
71
148
562
3134
987
3330
2822
2745
2275
61
2155
2675
239
2331
742
1286
53
5
2891
725
711
131
2499
966
2892
638
1195
12
2537
418
124
1799
12
2373
893
1694
2426
1612
18
1212
64
1014
3012
1207
632
1098
12
748
2421
1300
18
2488
883
512
2839
781
1591
2247
818
1103
72
2143
64
170
859
497
1583
1524
270
2216
93
1097
18
296
71
1173
19
72
1172
782
1808
1279
667
2030
1892
1812
183
87
72
1106
1409
775
3331
1524
376
3115
1225
1022
3332
2180
2303
2180
1186
71
63
18
363
2396
952
2566
137
560
18
2820
2539
71
637
515
605
12
637
1391
2011
985
470
2916
76
3327
771
93
1036
98
1996
2597
795
157
851
11
3200
1339
2479
722
1297
132
483
13
11
1547
346
78
137
2847
3077
318
358
547
3235
566
187
1436
779
2491
3333
1466
2
5
2314
2657
108
2312
2461
53
2518
12
88
178
53
71
509
1413
255
2718
444
278
1657
250
2445
3008
388
1332
50
748
579
2438
50
2257
2016
844
3089
78
569
564
1819
2173
53
498
3031
1287
419
1143
271
2917
1385
219
255
19
78
2622
359
148
1455
2461
1472
3223
12
3334
53
164
3334
1038
1925
13
148
3129
3039
359
239
72
650
1324
79
1006
2552
1175
255
246
2951
2
2138
1179
341
211
71
93
952
243
112
3055
2594
311
3335
359
3067
3270
94
1214
203
2734
531
112
82
618
271
658
12
2144
172
2736
953
2703
97
76
76
79
650
650
2984
88
2004
375
483
748
3245
919
1523
1534
20
2633
1219
2929
646
78
2130
2957
1021
579
1168
343
579
1841
698
953
3250
1897
544
2571
85
444
779
118
1081
543
816
1464
2144
863
50
1686
3106
388
5
90
1092
3287
808
1817
2
281
309
2611
150
844
94
326
779
131
1459
324
18
3173
1022
1876
63
2261
19
53
2484
3078
3192
93
63
3109
1207
2713
3066
452
1188
103
247
18
93
72
88
2996
618
93
3053
949
496
1899
3336
1718
1657
1812
3146
20
2416
159
751
1899
2907
2215
243
893
630
519
1364
1672
3309
79
170
381
343
103
2284
2332
19
164
1775
148
1098
359
2866
217
1854
53
611
1123
316
477
2178
78
78
1590
1982
988
1982
420
1884
78
18
6
601
3337
1199
373
3004
3338
1031
1435
1031
613
2752
219
1658
1674
255
2237
661
1303
3339
2061
2561
585
2485
93
2928
452
1519
93
5
3083
863
331
3091
1021
2779
1637
3326
2090
255
18
1031
53
12
78
1031
1420
638
2643
2618
3072
1436
1472
79
353
18
3340
3267
629
78
93
1001
333
2335
589
371
153
33
1180
2193
2615
1517
12
1724
137
221
1505
364
3026
1817
1264
3341
18
608
212
2463
316
18
694
1361
611
3165
2936
707
3086
2227
302
2191
1544
1980
779
2275
1725
63
560
1753
2130
1692
45
288
2548
71
227
227
2109
1675
483
2817
415
2672
341
1445
3115
754
102
0
1980
108
830
447
2042
76
18
71
3129
966
169
2938
386
53
558
78
76
543
1042
112
529
72
560
84
403
217
467
103
560
1266
650
924
852
2467
1785
162
2602
234
807
546
1132
2394
130
136
98
2164
1408
650
3342
89
93
343
463
658
1461
3180
2217
818
243
1913
1433
341
84
132
3343
104
162
1315
504
2325
988
2804
3207
883
42
3191
722
19
11
988
288
19
44
879
1612
53
1519
3126
546
2805
658
1470
321
990
18
2457
324
2903
369
170
131
496
1785
110
64
1325
18
193
863
101
2642
1037
12
343
229
3102
19
975
3030
543
1716
2542
12
1757
71
1534
1965
2477
823
131
490
2
3231
1833
2
730
638
2315
3061
1475
180
2146
629
375
369
3044
703
851
1310
53
1351
844
132
53
231
3303
1231
253
2855
2864
579
722
2637
233
1684
2619
63
719
12
72
722
170
3344
2322
2909
2682
1736
3345
64
17
176
33
1904
18
2602
78
72
3210
1030
322
3333
1917
53
2789
196
2671
55
883
19
781
3346
212
131
522
634
2251
523
2148
3260
553
1166
256
64
519
60
1176
1411
926
327
2096
18
2953
463
398
1356
242
5
1262
63
650
598
2959
71
1359
12
709
463
496
3182
0
589
1808
378
3036
466
131
18
1505
2976
12
966
724
180
678
2085
2390
3069
2186
12
212
2797
123
296
1881
1953
2332
3290
543
2636
1532
722
12
2077
548
79
67
498
620
2973
71
93
729
821
148
2245
1119
1931
71
102
3347
2940
2847
3033
2943
2819
2136
255
72
1450
2729
1166
1497
18
2695
471
18
159
3188
2721
11
1596
875
546
835
522
458
99
3348
2767
579
2189
1977
94
64
1468
953
3161
3119
851
1106
344
164
3349
3350
3320
999
93
2631
844
1698
217
1655
482
1036
812
2008
1657
18
112
1097
923
1889
79
46
2828
1898
1527
851
851
802
802
63
2157
1099
1229
519
304
2443
3007
388
401
67
2512
2064
3351
2691
3187
3156
170
341
791
3352
577
102
1749
1829
1021
3266
106
1958
1024
3266
3081
243
2639
82
78
211
219
493
1528
53
546
53
2156
452
1203
84
398
1512
222
646
170
79
74
730
2096
1539
724
19
1913
93
2687
2554
2380
0
398
53
2642
3293
18
155
1669
2082
1888
94
1167
229
1077
852
243
1399
18
346
343
1889
343
2013
1021
988
5
148
1833
3353
2424
3328
724
443
2486
255
18
1234
78
0
1385
2359
63
1293
18
426
12
112
16
1564
1765
170
1765
765
947
515
948
625
2156
3129
1556
1149
1480
446
2076
397
84
1381
98
463
3026
3354
466
81
78
3340
2422
2585
2479
78
1464
1311
97
988
379
12
2190
19
231
522
861
554
343
2421
343
3355
541
3103
3356
641
302
2387
994
270
1478
540
2986
1036
93
359
170
78
3164
193
89
1795
613
477
2510
2151
3357
1833
1388
315
278
1369
50
18
50
1944
596
2393
519
1799
1157
1648
3254
722
1501
137
82
118
362
1876
131
2571
2321
2757
12
3140
153
1583
20
221
1077
3112
844
324
730
1339
2889
1923
3358
463
117
296
296
2759
53
156
3359
2062
255
2379
2638
1284
3133
280
1089
12
307
2699
1383
162
3360
39
3299
1021
1860
1450
546
18
1559
1407
604
125
79
119
53
231
170
988
369
903
2966
1689
3181
1838
2389
1762
1188
3361
106
1512
975
3362
2490
170
170
302
71
2782
3163
3363
513
3051
934
1838
42
1142
1422
920
299
12
170
697
2696
1838
343
165
844
44
3025
2413
529
112
219
19
1516
1516
1739
851
507
2509
1517
483
1166
2840
12
1737
2693
1230
18
512
1127
1188
88
143
2836
170
3364
1277
18
844
2585
1200
3365
522
2315
1188
2741
1255
1042
418
3366
3238
844
407
398
112
131
3065
473
1312
2480
159
724
653
1252
1901
1395
2305
1994
2874
472
673
3367
1172
1479
3137
3368
252
1389
981
196
286
912
247
24
1541
1892
3369
923
125
343
18
32
2326
970
64
379
112
54
2613
2650
3049
677
12
1980
103
1573
2136
1015
3114
2535
1633
67
42
198
3317
2623
2408
64
3166
64
467
794
4
3150
3198
63
3162
78
2221
290
53
1995
1511
299
988
341
18
119
562
722
79
314
18
343
2896
496
1420
322
2934
1425
18
1868
483
169
92
560
2344
888
78
1616
2155
1398
1487
1644
2810
785
1690
2008
1602
795
3056
3073
2250
3124
18
604
88
715
2009
3000
417
2202
88
3032
447
345
71
271
2710
364
379
2242
1674
231
3344
920
2843
72
3091
1456
1193
5
281
762
632
512
164
1417
2051
515
369
170
1657
344
78
629
1211
144
1821
722
2370
1554
53
79
1385
20
1266
3328
239
2587
2815
393
248
2969
3319
255
512
2691
162
2596
3199
483
364
112
1350
3148
1582
493
727
402
24
18
72
3113
2100
2262
641
169
1229
16
490
3157
1092
180
3216
487
255
2795
807
396
1290
343
24
3354
920
3004
12
159
1812
1727
2746
1642
2542
1669
464
515
720
771
1415
333
2778
987
2942
1599
790
270
1571
2033
3140
33
1833
543
299
483
78
879
72
194
12
64
697
638
165
1412
78
2146
1102
1541
69
503
85
2787
2849
802
1859
1447
1166
558
2156
745
604
2400
3339
3274
275
3282
64
2132
111
24
1894
1932
2400
285
1970
1332
1188
2005
54
518
999
856
1805
79
2431
93
2996
543
2181
1932
2508
2479
170
489
229
174
1924
1716
283
2590
1193
833
650
2298
2354
1082
12
1853
566
1663
1131
650
1694
2523
930
362
397
1655
750
3370
2004
165
2
288
177
12
383
730
1959
318
744
460
270
784
3014
44
418
2247
535
2225
366
682
299
398
92
729
108
257
2328
1744
369
315
2131
713
231
162
2274
164
108
18
587
13
226
426
2005
289
170
2013
1620
934
678
2374
609
343
112
401
2533
3032
92
1534
271
3188
18
239
1416
212
255
498
63
2146
255
1040
2724
2185
148
2374
91
2530
2097
447
231
79
1063
585
1716
1816
728
72
248
2417
1791
1823
255
2169
343
64
522
2782
78
418
3022
670
3350
1123
1908
131
3300
18
3355
2955
512
18
5
512
1339
596
232
1231
1209
2427
1029
9
553
79
460
67
2114
828
2443
350
802
19
71
1050
449
557
53
318
2624
12
3371
72
3318
19
1725
18
902
3281
1339
824
255
78
0
53
18
769
1908
76
859
2802
2013
2260
1838
2215
78
1257
1749
863
53
71
2796
24
1609
3347
78
53
1207
1332
103
2144
1136
477
72
1971
270
3116
18
2627
78
1833
1775
71
1909
2272
219
1981
664
18
308
3177
18
84
1569
3221
2094
3220
112
359
306
18
2434
3372
78
12
501
2870
302
2978
2339
255
278
490
18
1614
2498
2056
213
452
1207
106
3089
302
1300
2725
93
405
401
2067
3299
1470
3353
219
825
2163
2210
721
1396
5
3087
920
196
239
196
18
5
1732
2327
1501
71
350
170
2146
2097
12
55
2294
200
1260
546
42
2194
170
1026
2526
2616
2110
212
1627
255
3299
3222
1636
1474
1413
2260
647
677
591
1081
3307
1254
1716
1342
1339
93
3373
131
2693
1141
2522
2658
475
2146
1526
381
869
271
543
638
678
3258
219
169
219
51
170
3169
598
2626
490
49
49
1808
2549
137
3118
519
12
2079
169
1369
71
2088
3193
1503
1339
2182
2934
913
11
1472
1938
3212
33
29
2959
72
1855
3187
504
1413
362
2894
121
2594
170
2264
343
50
333
364
1079
2565
722
777
3341
722
78
12
1980
2232
78
212
2003
40
194
345
18
1838
3096
2872
359
675
3302
505
2096
1066
519
153
94
33
1234
2701
1533
53
1812
71
919
53
1131
992
2425
1916
628
137
496
1022
324
2023
511
3374
460
398
2981
316
2715
170
281
12
3
869
38
1108
31
261
650
553
67
1435
515
3375
3194
64
1067
722
72
1740
64
296
343
2080
296
1563
816
446
1606
255
12
18
3376
1149
33
316
1695
2802
314
93
1573
95
158
915
33
212
255
2181
42
2726
896
3038
719
148
1292
299
1719
2692
152
474
574
343
1566
763
1686
18
1217
64
343
1385
527
1193
148
24
1483
2146
1735
748
979
739
1207
2881
2113
992
3356
343
1468
604
1267
1005
2300
2584
3066
480
5
3364
255
2739
3377
773
2541
1935
2680
1193
2470
1053
13
72
1657
108
3272
2436
844
3097
3038
71
809
3378
1786
71
190
1297
64
1898
131
2800
860
1820
3090
1673
1665
3159
3379
615
949
949
67
2775
322
522
72
2845
286
2837
137
460
159
53
2954
1149
316
2758
1801
170
638
5
164
231
12
164
67
1817
2852
448
898
112
264
460
883
170
2901
374
3226
161
945
2280
747
1195
2626
2693
1873
243
5
169
750
64
1339
1921
3345
1146
3380
18
1596
2707
3273
2574
2638
2400
53
2824
103
1882
1472
53
3348
597
162
2155
12
3086
255
1698
813
2221
180
1669
1522
757
908
876
426
33
154
170
2922
42
2963
2508
1173
170
3332
270
71
71
18
53
2414
18
3313
137
143
1020
53
1606
67
170
1930
477
1166
3249
480
1290
270
2988
53
401
128
1332
548
923
1127
1165
72
137
72
816
1921
119
2792
169
1670
506
1658
181
1066
1852
687
1711
452
506
165
106
153
1725
156
343
1074
1300
343
79
1698
20
1768
93
332
477
1203
746
255
67
3201
2000
424
1819
2906
196
104
2109
3252
119
2888
1119
2291
82
1684
2240
944
758
212
3381
388
10
74
53
3262
1333
3382
170
170
1834
72
774
457
13
72
246
103
966
2012
519
3164
160
595
477
1356
1559
1946
943
18
1822
3383
1600
370
53
1144
3379
170
1138
76
1395
3310
318
3254
576
807
2826
861
247
2546
1211
1979
5
246
629
646
169
3384
343
170
85
19
1716
183
316
3230
2044
255
3241
52
18
3182
1524
2327
3138
72
678
78
2387
131
3202
79
1371
64
579
2011
1735
3165
692
608
401
953
44
3050
819
1765
76
72
1505
1193
1917
271
232
343
1971
3331
2868
170
1859
695
9
82
1307
255
1929
1792
1792
418
2948
90
2099
2164
1788
609
1706
194
2745
2370
64
2983
920
2477
3023
2484
2258
3197
1770
724
1021
873
1931
2570
53
560
1436
2606
712
1254
1876
249
180
98
1540
143
3385
2013
988
20
170
2183
1685
1389
3366
748
71
128
170
102
1210
2602
1087
580
943
5
130
2186
715
170
860
71
1395
1522
2875
108
1350
602
1028
563
2226
5
3176
903
299
3386
3317
515
2230
234
2081
727
615
231
24
53
72
1063
807
88
2323
2913
359
2814
2402
515
218
88
3369
2490
1173
3330
1189
1835
2082
33
2164
1416
2669
477
570
1768
137
543
130
1609
764
63
231
543
757
395
369
343
3103
504
1943
2890
3280
1257
2921
2120
836
374
2045
2923
1663
872
53
1745
131
1590
2041
3068
103
170
862
71
724
79
3168
2654
2339
1609
287
3003
50
12
830
919
2793
137
1549
1778
1106
18
388
419
1640
866
98
2310
1195
650
2863
529
522
537
843
370
98
50
165
219
44
519
1256
2586
170
1737
246
3373
2511
19
1166
601
344
3179
5
945
1853
1435
774
1590
12
856
63
782
343
170
1021
2564
2188
1740
1944
3387
957
1674
683
1575
12
3161
2199
76
2457
2478
211
920
650
3079
2045
53
170
91
2415
779
350
18
0
78
1449
2075
1888
18
2702
3376
1605
949
590
78
53
3388
1207
452
137
322
3082
2255
613
576
2844
724
18
1461
18
93
78
296
53
2973
3384
304
2268
418
2167
519
3178
3011
359
53
12
1689
64
3111
2199
195
1129
755
1571
1943
1009
650
2106
2088
2508
119
1021
3180
53
2087
2594
1317
2401
2186
74
515
750
1956
18
71
3209
1731
78
374
3246
944
3367
12
1269
519
1300
2355
1081
1652
498
2013
18
1791
153
1618
3195
1868
71
71
1084
943
2407
490
78
730
726
131
816
1590
683
2905
3093
359
504
649
2
137
1618
170
170
1218
2684
137
255
1299
322
1982
278
1610
2855
3133
78
923
2195
933
71
66
119
1020
19
1759
3288
50
577
2509
1526
390
1136
170
722
170
2034
978
5
170
2693
232
42
629
2868
93
19
24
137
634
2
2274
2285
772
2077
1123
1059
3351
3130
784
53
670
3082
1425
64
341
2285
67
3361
2574
3056
2156
2247
333
1207
1339
1077
1121
195
63
692
77
296
254
255
394
1392
1213
3175
1290
3346
12
131
3146
463
1993
1395
315
169
988
2323
444
71
2904
104
3272
80
1188
543
143
586
98
739
1621
987
19
2935
1241
2346
1112
1679
3035
2509
19
19
200
71
2273
12
1982
3314
460
3314
11
1655
1065
444
71
12
3188
1339
1487
443
1081
94
2271
50
137
401
1602
2583
2971
3218
2785
1900
33
137
2880
6
137
12
543
3240
426
1667
2672
543
781
81
2356
3382
1202
343
78
722
543
1538
1574
84
2011
1801
1717
3236
247
98
860
343
78
409
125
1632
409
2992
2934
2957
2961
170
1779
93
24
2749
490
159
18
119
93
2171
170
1473
1649
2522
793
1067
853
1535
239
542
170
1081
50
64
1357
3360
239
2056
12
165
1126
44
1199
1751
255
3156
121
3389
53
2533
2824
18
1385
2147
2984
2996
1530
181
1275
1775
1351
255
0
1484
156
483
180
2508
79
2712
18
3132
944
2192
814
3189
1794
2291
33
2448
443
490
546
164
76
2129
72
343
1664
3029
2698
18
18
235
1583
3177
5
1136
933
2632
1611
3390
356
12
460
1716
53
101
2123
667
2982
348
541
12
2869
25
1031
88
1456
162
2108
1385
112
923
2208
1246
143
2477
87
520
228
646
93
604
5
12
613
2881
3205
78
2014
3391
974
217
509
3387
3391
897
1873
655
610
137
3392
1642
3189
1166
88
7
465
650
169
3140
423
200
548
364
88
170
78
1912
5
496
18
2932
2180
1799
532
2
1057
560
604
638
1689
610
79
802
1243
477
2114
345
112
591
90
343
3343
988
99
88
1593
860
169
148
88
2011
427
3171
74
71
684
162
2543
331
2297
1323
1323
12
418
633
1185
1121
18
2017
2017
19
2868
1863
3118
1783
1205
2059
3335
159
3043
2991
1782
781
3091
2558
3161
528
2262
505
1138
1095
72
2713
2952
2532
241
18
255
2566
343
346
1214
370
232
3393
623
5
1369
802
3393
0
558
64
467
3019
778
1435
1413
186
519
2136
779
42
18
1207
1514
3394
2006
1722
149
821
1970
3344
71
1889
2096
2461
3283
229
1566
194
2508
650
3291
748
591
477
53
53
516
1876
78
196
2942
2770
512
26
63
2271
2639
93
915
405
343
2799
515
18
3374
252
1402
3395
2484
418
1519
929
2927
1568
490
3385
1170
33
2610
543
1817
773
280
1141
72
2620
412
343
218
1413
18
1207
2011
1970
3282
641
2753
2988
18
47
2915
1066
2242
378
3316
3327
2165
61
232
126
755
219
53
914
2343
20
343
42
2289
53
3224
255
5
3157
388
140
141
1203
515
2818
3014
5
383
2446
452
1052
3089
94
807
3045
12
1287
2519
3294
187
1706
106
779
3018
299
2212
82
1070
3317
2495
82
2134
170
2240
3386
322
5
449
231
919
1833
2097
2963
2144
170
2525
768
1049
1464
2085
33
2245
2556
722
1848
343
1775
2445
1199
219
1066
295
548
814
493
91
93
3128
85
1464
1188
153
632
156
1857
1305
536
168
343
137
71
85
760
19
3297
1195
316
19
359
3301
456
71
1043
2688
463
247
2322
343
1843
5
3214
315
2357
11
562
78
288
318
219
20
155
1
2506
2216
1647
64
363
137
378
2857
647
903
369
2376
161
170
506
840
2118
626
496
19
93
44
2316
2068
3248
470
1210
720
923
170
879
1123
1615
1186
722
546
2155
3348
2538
2800
324
315
74
495
3362
1833
782
751
1814
634
2396
239
19
2545
1969
5
137
1021
3392
1339
2729
464
33
841
1891
529
949
19
3295
643
677
2746
3148
64
12
1806
64
1345
18
33
1166
1032
170
170
2557
667
553
1162
170
2145
543
2000
543
141
614
650
617
3297
3219
64
2859
1571
189
272
94
1220
3249
493
1090
281
988
393
2527
3001
353
860
53
1426
779
137
2735
78
3028
1848
1031
219
148
18
2375
2660
880
860
255
3321
3255
302
1597
359
909
98
2800
699
2437
772
2138
283
3383
1534
156
18
165
884
102
72
3396
228
5
1445
1455
519
477
3300
12
489
724
2776
1567
3303
3397
899
153
18
489
11
71
18
71
500
343
2634
2527
2040
84
802
2328
2798
3295
189
3378
560
1381
1597
302
71
1188
712
452
470
650
170
2498
102
2332
2731
2874
856
82
3125
1247
1848
79
378
369
1309
1856
271
1077
78
673
730
346
1144
420
447
2178
97
141
255
2795
1833
2639
93
3311
3089
383
346
53
225
1642
1031
2116
466
12
0
108
1113
184
756
1596
1170
24
18
504
715
3208
87
333
888
1364
3272
1902
148
3014
1395
92
2239
162
644
1716
148
1038
72
782
337
2885
393
1420
255
685
538
3264
71
19
2305
1318
3121
18
3112
1960
1978
136
3269
1188
715
1567
3398
2312
2919
824
5
3275
2263
72
270
343
3283
2330
250
816
1503
79
3351
3383
511
180
78
2341
12
3325
18
1339
1632
78
1339
401
191
231
74
3399
132
483
1922
375
131
2667
1641
1163
71
1173
3400
53
2993
3401
819
2426
730
343
299
18
18
1025
333
231
1726
384
95
118
1091
1083
571
5
98
694
1435
162
1622
20
2197
3215
318
91
755
2218
1069
322
1425
2
1612
296
2657
1804
1501
2830
169
966
619
971
2706
281
971
971
528
63
3339
212
296
2648
3402
334
387
941
1666
170
1904
53
776
2972
2985
18
543
805
548
2652
112
3253
2005
1471
1468
943
638
229
281
12
883
1351
1415
1812
1234
143
170
918
131
560
722
24
470
1207
3389
844
2729
2813
1505
1426
288
661
155
72
1524
271
279
606
1882
62
1670
1468
750
88
71
271
1483
1759
18
158
18
1364
548
74
285
18
696
255
2758
130
2310
3266
975
843
667
560
170
986
78
93
1430
715
2018
2122
215
3285
1104
605
79
3
677
2247
3395
333
20
572
2811
341
137
359
1201
429
1470
1450
3403
85
18
3404
1712
470
1838
170
524
5
794
663
3204
1285
3381
50
265
12
2161
779
1360
3288
1207
413
1048
2574
3307
496
418
283
512
1947
66
1584
77
112
2919
79
219
5
966
2595
1169
2162
833
1044
1837
12
228
853
897
475
509
1099
112
3189
71
2182
137
196
2252
299
5
74
620
2300
987
53
345
255
3370
623
44
2288
44
2616
456
546
522
1833
964
2
1620
3338
18
2787
148
3004
3358
1003
343
682
1166
20
1701
229
72
2865
1539
1972
543
20
107
2138
3320
298
74
673
193
3015
635
42
1601
54
2894
2562
2603
1713
853
255
286
193
466
1339
239
3396
2148
343
93
1651
650
483
3232
198
1173
71
2567
1173
3233
987
288
30
0
18
802
53
19
592
2517
443
228
994
0
53
2267
3233
94
12
3336
5
1871
78
343
960
1040
2914
1686
2614
1
1066
2220
1829
2038
2169
302
35
219
2659
518
3342
61
76
219
1916
2393
3045
647
18
1472
137
834
3405
232
156
3394
724
3406
169
646
1241
2762
2445
2027
1583
923
598
141
2001
78
850
18
747
3153
1917
296
3384
741
2067
13
78
1188
0
522
1524
1143
768
2063
2
1120
18
3390
1062
1223
3314
3407
2744
1702
156
1561
1408
2690
398
381
1353
219
1612
2421
2880
18
1891
394
860
19
3245
547
71
3305
2974
2827
1207
755
3365
239
418
3182
682
1969
602
71
941
81
1502
78
3408
53
2382
243
118
883
53
2636
82
2240
3085
217
3372
49
1541
765
2531
484
1758
2629
1165
846
598
820
2393
944
2869
3020
137
3321
2780
290
318
64
336
443
2026
748
2786
105
1112
860
2239
254
342
2562
3255
343
2546
18
1334
12
1173
443
2670
63
3028
863
98
458
1087
546
1546
761
426
74
673
1001
409
1909
71
148
71
18
2251
3306
1906
670
2285
409
1351
18
243
72
137
2412
1017
3399
483
682
1106
2959
3209
2854
483
1278
612
98
232
3409
108
1369
1703
483
2332
802
2841
6
3049
3226
1289
3351
1745
782
860
203
1129
683
1632
560
324
24
1198
3369
1386
196
879
1170
3234
2339
418
2806
299
2805
496
970
2714
1826
2516
448
72
1948
3057
3408
245
3166
334
137
78
196
72
2391
2338
678
1410
44
1493
1435
239
2835
3089
3405
722
2542
3296
1143
522
2829
1166
3021
112
19
2876
2239
137
727
2500
78
232
2552
58
1743
169
2389
3233
1423
33
1322
1379
3397
1507
1472
465
333
2719
298
1914
5
3321
71
1007
443
44
1197
426
169
137
2238
229
3400
3116
1193
2424
2632
2803
854
3173
960
169
859
913
443
1560
53
2044
1207
1864
2772
18
3162
0
2048
851
2650
2198
1234
3162
76
198
141
296
2405
2173
2746
2876
12
578
2283
614
1799
1920
1526
19
219
375
460
1318
1971
19
992
5
13
64
2582
715
519
33
2751
93
343
1395
1470
64
2637
1453
1906
781
170
150
63
5
2672
1686
2
629
1055
78
2490
270
72
2893
3407
343
2553
3165
3322
975
844
404
3327
3134
1385
669
844
3283
2177
2110
2474
2818
179
1413
988
969
3337
161
715
137
165
205
18
2882
1106
5
1415
3279
442
3304
486
2271
52
673
819
2409
452
71
3114
3219
1240
388
203
180
2934
272
219
18
1642
18
381
346
1466
79
1243
2120
2712
2232
170
496
18
2489
1698
154
844
296
44
2930
827
920
1114
239
2257
2096
1970
2603
3242
310
3090
343
2152
12
137
335
296
18
98
598
628
3402
760
219
1252
248
71
508
18
1526
1122
566
969
166
3358
3410
5
2992
447
0
730
727
112
1605
566
343
164
1766
1192
1077
3106
3406
3175
2549
677
2012
279
3324
289
820
1116
107
829
217
2547
3298
18
1587
1025
694
1982
1649
325
281
359
78
2922
1373
71
1464
1980
74
1898
78
2540
3088
2171
2550
315
2909
64
53
63
2016
2433
296
388
78
78
374
74
598
1801
3359
1757
2313
164
886
97
3380
750
2167
3047
1399
18
359
820
833
6
62
1734
1767
231
2482
613
11
170
128
841
12
1898
512
143
3292
228
3076
3404
2735
281
634
1414
418
88
2451
53
1188
1444
2520
2849
24
954
3345
2663
1734
863
1315
661
688
949
5
1868
554
82
359
255
2387
2695
2393
722
598
1049
1052
72
299
498
1483
2254
571
6
1066
640
169
1982
93
135
1698
3411
3235
64
1285
779
724
716
1808
2
532
3021
354
359
246
24
2178
1942
920
93
816
71
1123
2578
568
1784
2430
2116
768
33
2987
2414
386
1627
3160
18
2141
571
378
1908
2824
768
78
216
381
2418
3410
1578
1790
18
1284
1663
1892
447
1127
4
2363
18
93
757
63
936
1402
1833
1935
637
905
1455
1443
920
162
243
2508
1982
1462
529
343
2465
85
239
1034
802
3403
494
2263
286
513
3020
615
341
2747
93
1018
5
643
3206
18
71
2449
296
2251
712
93
5
522
18
230
2013
5
1047
564
2475
2738
3049
272
3375
93
645
3015
805
72
2199
2534
3312
1012
131
78
1239
24
1972
2346
2261
415
72
200
578
316
410
337
691
5
2955
1845
1085
1846
2209
73
1282
2462
159
359
18
3329
5
221
1573
470
3067
3006
765
765
2184
217
373
6
170
1686
1567
615
3233
2514
893
1058
1207
108
78
3405
73
1028
183
12
506
1413
1867
3048
50
2998
460
2741
673
239
3400
3105
443
102
18
212
2766
369
3025
995
724
2899
2989
1496
165
12
234
2223
549
1093
889
1400
2638
2198
2895
18
293
678
2738
981
1835
3078
25
703
1496
3190
1217
902
1725
1496
131
12
1746
343
1179
3021
1483
170
601
727
131
1364
3357
2
400
433
2025
18
18
112
71
2961
2179
2294
3363
1817
18
3082
359
137
529
148
78
506
1519
545
49
952
418
119
844
1232
1546
1766
2643
98
1206
1322
401
3411
170
1999
1908
3332
200
1970
1585
1861
460
2069
359
2392
296
988
5
33
2870
5
1801
359
33
98
3216
1833
18
64
538
3213
18
734
401
1450
479
1166
106
808
507
486
349
71
1379
981
1154
938
343
33
162
491
585
418
2284
953
1835
497
81
169
988
239
2933
2184
2933
1747
516
837
1076
2495
94
508
816
219
217
2191
64
62
64
1676
806
32
1754
556
243
72
1900
1271
343
1801
3135
1979
343
2010
824
2147
98
824
2579
3313
72
1662
1598
578
1166
63
678
3040
2614
170
560
131
1351
3210
1906
1075
2484
2598
53
78
6
615
76
1524
2541
1103
5
153
1524
1459
599
794
1961
296
2047
1142
1265
2195
1267
322
18
589
24
3278
72
2484
1511
18
659
907
2918
219
418
1755
627
2136
813
554
2040
1188
496
1181
2901
18
18
18
63
522
1733
150
1031
162
1031
12
2125
1031
766
1031
78
12
53
1031
12
722
1567
18
1170
82
3285
645
1967
522
3368
18
725
2671
180
247
2065
2016
393
93
3197
1745
6
1657
1665
1041
2232
271
341
12
1873
33
296
71
71
1839
255
755
840
821
863
650
3071
2382
3064
558
3001
119
5
78
1031
755
234
724
390
673
1334
750
510
396
18
3054
219
3332
1559
27
383
5
613
67
1290
302
2140
722
112
2585
1415
465
884
641
1322
543
806
905
1137
2041
1819
93
2715
506
496
3386
3285
738
1403
343
369
923
2927
3377
2790
3101
751
747
78
2170
465
465
106
78
255
72
1207
2858
0
2727
78
343
181
18
1136
470
1930
765
1137
3054
93
1344
2473
203
2648
1414
2034
255
378
805
722
2495
546
1171
114
116
2605
722
1709
674
164
255
106
64
418
362
3268
463
2361
302
18
258
1799
3409
5
575
12
638
219
2709
1319
53
18
1526
3084
66
490
381
102
3263
789
884
93
150
1001
247
604
157
64
262
780
217
792
2844
526
2947
64
935
255
2257
148
127
248
296
465
935
164
803
64
667
18
71
2589
634
2012
618
975
1214
2908
3401
527
33
78
2083
3107
779
318
312
24
1249
381
170
185
1559
71
1502
343
972
1858
2
2744
2868
71
324
18
618
71
128
344
465
824
359
1422
64
322
78
1418
378
3285
1635
3276
312
18
1371
18
426
1801
18
2248
71
2278
2586
239
72
346
2027
836
1198
398
1188
860
3139
5
590
78
3352
88
650
797
431
3126
248
3111
79
18
162
1860
2569
1319
231
1236
2720
3022
1021
802
573
388
296
71
585
22
1456
12
801
1108
422
268
545
3062
53
0
2539
2834
1605
578
3371
2727
3349
252
18
574
3412
970
164
71
94
1871
64
3211
477
839
2240
92
343
301
5
2893
90
2382
58
377
2807
18
18
960
243
926
1127
1512
467
870
63
875
1371
3345
112
71
2561
647
3247
156
2780
650
2163
3041
3388
71
3398
71
2195
1505
200
218
278
91
3060
67
1870
2931
78
47
2724
94
93
3163
507
20
1135
1746
1635
1130
219
2435
3041
2642
3108
490
2441
1109
2270
760
992
515
1415
2870
235
1092
1905
860
369
12
2910
71
299
1201
2840
2294
988
1356
569
2622
3412
902
72
79
217
255
377
3194
1650
266
1805
548
3290
324
182
299
19
20
525
